# JRE version: Java(TM) SE Runtime Environment (8.0_101-b13) (build 1.8.0_101-b13)
# Java VM: Java HotSpot(TM) 64-Bit Server VM (25.101-b13 mixed mode windows-amd64 compressed oops)
Heap:
 PSYoungGen      total 241664K, used 87018K [0x00000000d5c00000, 0x00000000e9800000, 0x0000000100000000)
  eden space 224256K, 34% used [0x00000000d5c00000,0x00000000da856500,0x00000000e3700000)
  from space 17408K, 50% used [0x00000000e3700000,0x00000000e3fa44c0,0x00000000e4800000)
  to   space 16896K, 0% used [0x00000000e8780000,0x00000000e8780000,0x00000000e9800000)
 ParOldGen       total 84992K, used 23769K [0x0000000081400000, 0x0000000086700000, 0x00000000d5c00000)
  object space 84992K, 27% used [0x0000000081400000,0x0000000082b365c0,0x0000000086700000)
 Metaspace       used 44136K, capacity 44674K, committed 45184K, reserved 1089536K
  class space    used 4990K, capacity 5143K, committed 5248K, reserved 1048576K
GC Heap History (10 events):
Event: 15.569 GC heap before
{Heap before GC invocations=7 (full 1):
 PSYoungGen      total 71680K, used 70376K [0x00000000d5c00000, 0x00000000deb80000, 0x0000000100000000)
  eden space 66560K, 100% used [0x00000000d5c00000,0x00000000d9d00000,0x00000000d9d00000)
  from space 5120K, 74% used [0x00000000d9d00000,0x00000000da0ba3e8,0x00000000da200000)
  to   space 11776K, 0% used [0x00000000de000000,0x00000000de000000,0x00000000deb80000)
 ParOldGen       total 53760K, used 9732K [0x0000000081400000, 0x0000000084880000, 0x00000000d5c00000)
  object space 53760K, 18% used [0x0000000081400000,0x0000000081d813b0,0x0000000084880000)
 Metaspace       used 26399K, capacity 26770K, committed 27136K, reserved 1073152K
  class space    used 3238K, capacity 3320K, committed 3328K, reserved 1048576K
Event: 15.577 GC heap after
Heap after GC invocations=7 (full 1):
 PSYoungGen      total 134144K, used 6085K [0x00000000d5c00000, 0x00000000deb00000, 0x0000000100000000)
  eden space 122880K, 0% used [0x00000000d5c00000,0x00000000d5c00000,0x00000000dd400000)
  from space 11264K, 54% used [0x00000000de000000,0x00000000de5f16c0,0x00000000deb00000)
  to   space 11776K, 0% used [0x00000000dd400000,0x00000000dd400000,0x00000000ddf80000)
 ParOldGen       total 53760K, used 9740K [0x0000000081400000, 0x0000000084880000, 0x00000000d5c00000)
  object space 53760K, 18% used [0x0000000081400000,0x0000000081d833b0,0x0000000084880000)
 Metaspace       used 26399K, capacity 26770K, committed 27136K, reserved 1073152K
  class space    used 3238K, capacity 3320K, committed 3328K, reserved 1048576K
}
Event: 17.228 GC heap before
{Heap before GC invocations=8 (full 1):
 PSYoungGen      total 134144K, used 128965K [0x00000000d5c00000, 0x00000000deb00000, 0x0000000100000000)
  eden space 122880K, 100% used [0x00000000d5c00000,0x00000000dd400000,0x00000000dd400000)
  from space 11264K, 54% used [0x00000000de000000,0x00000000de5f16c0,0x00000000deb00000)
  to   space 11776K, 0% used [0x00000000dd400000,0x00000000dd400000,0x00000000ddf80000)
 ParOldGen       total 53760K, used 9740K [0x0000000081400000, 0x0000000084880000, 0x00000000d5c00000)
  object space 53760K, 18% used [0x0000000081400000,0x0000000081d833b0,0x0000000084880000)
 Metaspace       used 33349K, capacity 33700K, committed 34048K, reserved 1079296K
  class space    used 3898K, capacity 4002K, committed 4096K, reserved 1048576K
Event: 17.245 GC heap after
Heap after GC invocations=8 (full 1):
 PSYoungGen      total 134656K, used 11760K [0x00000000d5c00000, 0x00000000e5700000, 0x0000000100000000)
  eden space 122880K, 0% used [0x00000000d5c00000,0x00000000d5c00000,0x00000000dd400000)
  from space 11776K, 99% used [0x00000000dd400000,0x00000000ddf7c030,0x00000000ddf80000)
  to   space 15360K, 0% used [0x00000000e4800000,0x00000000e4800000,0x00000000e5700000)
 ParOldGen       total 53760K, used 13587K [0x0000000081400000, 0x0000000084880000, 0x00000000d5c00000)
  object space 53760K, 25% used [0x0000000081400000,0x0000000082144c28,0x0000000084880000)
 Metaspace       used 33349K, capacity 33700K, committed 34048K, reserved 1079296K
  class space    used 3898K, capacity 4002K, committed 4096K, reserved 1048576K
}
Event: 18.098 GC heap before
{Heap before GC invocations=9 (full 1):
 PSYoungGen      total 134656K, used 80337K [0x00000000d5c00000, 0x00000000e5700000, 0x0000000100000000)
  eden space 122880K, 55% used [0x00000000d5c00000,0x00000000d9ef8650,0x00000000dd400000)
  from space 11776K, 99% used [0x00000000dd400000,0x00000000ddf7c030,0x00000000ddf80000)
  to   space 15360K, 0% used [0x00000000e4800000,0x00000000e4800000,0x00000000e5700000)
 ParOldGen       total 53760K, used 13587K [0x0000000081400000, 0x0000000084880000, 0x00000000d5c00000)
  object space 53760K, 25% used [0x0000000081400000,0x0000000082144c28,0x0000000084880000)
 Metaspace       used 34885K, capacity 35296K, committed 35456K, reserved 1081344K
  class space    used 4093K, capacity 4204K, committed 4224K, reserved 1048576K
Event: 18.123 GC heap after
Heap after GC invocations=9 (full 1):
 PSYoungGen      total 239616K, used 15354K [0x00000000d5c00000, 0x00000000e6000000, 0x0000000100000000)
  eden space 224256K, 0% used [0x00000000d5c00000,0x00000000d5c00000,0x00000000e3700000)
  from space 15360K, 99% used [0x00000000e4800000,0x00000000e56febc0,0x00000000e5700000)
  to   space 17408K, 0% used [0x00000000e3700000,0x00000000e3700000,0x00000000e4800000)
 ParOldGen       total 53760K, used 13854K [0x0000000081400000, 0x0000000084880000, 0x00000000d5c00000)
  object space 53760K, 25% used [0x0000000081400000,0x0000000082187a60,0x0000000084880000)
 Metaspace       used 34885K, capacity 35296K, committed 35456K, reserved 1081344K
  class space    used 4093K, capacity 4204K, committed 4224K, reserved 1048576K
}
Event: 18.123 GC heap before
{Heap before GC invocations=10 (full 2):
 PSYoungGen      total 239616K, used 15354K [0x00000000d5c00000, 0x00000000e6000000, 0x0000000100000000)
  eden space 224256K, 0% used [0x00000000d5c00000,0x00000000d5c00000,0x00000000e3700000)
  from space 15360K, 99% used [0x00000000e4800000,0x00000000e56febc0,0x00000000e5700000)
  to   space 17408K, 0% used [0x00000000e3700000,0x00000000e3700000,0x00000000e4800000)
 ParOldGen       total 53760K, used 13854K [0x0000000081400000, 0x0000000084880000, 0x00000000d5c00000)
  object space 53760K, 25% used [0x0000000081400000,0x0000000082187a60,0x0000000084880000)
 Metaspace       used 34885K, capacity 35296K, committed 35456K, reserved 1081344K
  class space    used 4093K, capacity 4204K, committed 4224K, reserved 1048576K
Event: 18.227 GC heap after
Heap after GC invocations=10 (full 2):
 PSYoungGen      total 239616K, used 0K [0x00000000d5c00000, 0x00000000e6000000, 0x0000000100000000)
  eden space 224256K, 0% used [0x00000000d5c00000,0x00000000d5c00000,0x00000000e3700000)
  from space 15360K, 0% used [0x00000000e4800000,0x00000000e4800000,0x00000000e5700000)
  to   space 17408K, 0% used [0x00000000e3700000,0x00000000e3700000,0x00000000e4800000)
 ParOldGen       total 84992K, used 23753K [0x0000000081400000, 0x0000000086700000, 0x00000000d5c00000)
  object space 84992K, 27% used [0x0000000081400000,0x0000000082b325b0,0x0000000086700000)
 Metaspace       used 34878K, capacity 35284K, committed 35456K, reserved 1081344K
  class space    used 4092K, capacity 4202K, committed 4224K, reserved 1048576K
}
Event: 716.429 GC heap before
{Heap before GC invocations=11 (full 2):
 PSYoungGen      total 239616K, used 224256K [0x00000000d5c00000, 0x00000000e6000000, 0x0000000100000000)
  eden space 224256K, 100% used [0x00000000d5c00000,0x00000000e3700000,0x00000000e3700000)
  from space 15360K, 0% used [0x00000000e4800000,0x00000000e4800000,0x00000000e5700000)
  to   space 17408K, 0% used [0x00000000e3700000,0x00000000e3700000,0x00000000e4800000)
 ParOldGen       total 84992K, used 23753K [0x0000000081400000, 0x0000000086700000, 0x00000000d5c00000)
  object space 84992K, 27% used [0x0000000081400000,0x0000000082b325b0,0x0000000086700000)
 Metaspace       used 43530K, capacity 44044K, committed 44288K, reserved 1089536K
  class space    used 4946K, capacity 5070K, committed 5120K, reserved 1048576K
Event: 716.440 GC heap after
Heap after GC invocations=11 (full 2):
 PSYoungGen      total 241664K, used 8849K [0x00000000d5c00000, 0x00000000e9800000, 0x0000000100000000)
  eden space 224256K, 0% used [0x00000000d5c00000,0x00000000d5c00000,0x00000000e3700000)
  from space 17408K, 50% used [0x00000000e3700000,0x00000000e3fa44c0,0x00000000e4800000)
  to   space 16896K, 0% used [0x00000000e8780000,0x00000000e8780000,0x00000000e9800000)
 ParOldGen       total 84992K, used 23769K [0x0000000081400000, 0x0000000086700000, 0x00000000d5c00000)
  object space 84992K, 27% used [0x0000000081400000,0x0000000082b365c0,0x0000000086700000)
 Metaspace       used 43530K, capacity 44044K, committed 44288K, reserved 1089536K
  class space    used 4946K, capacity 5070K, committed 5120K, reserved 1048576K
}

