# JRE version: Java(TM) SE Runtime Environment (8.0_101-b13) (build 1.8.0_101-b13)
# Java VM: Java HotSpot(TM) 64-Bit Server VM (25.101-b13 mixed mode windows-amd64 compressed oops)
Heap:
 PSYoungGen      total 196608K, used 130747K [0x00000000d5c00000, 0x00000000e3480000, 0x0000000100000000)
  eden space 181760K, 71% used [0x00000000d5c00000,0x00000000ddbaefa8,0x00000000e0d80000)
  from space 14848K, 0% used [0x00000000e1e80000,0x00000000e1e80000,0x00000000e2d00000)
  to   space 17408K, 0% used [0x00000000e0d80000,0x00000000e0d80000,0x00000000e1e80000)
 ParOldGen       total 92672K, used 24039K [0x0000000081400000, 0x0000000086e80000, 0x00000000d5c00000)
  object space 92672K, 25% used [0x0000000081400000,0x0000000082b79c60,0x0000000086e80000)
 Metaspace       used 37692K, capacity 38116K, committed 38400K, reserved 1083392K
  class space    used 4446K, capacity 4590K, committed 4608K, reserved 1048576K
GC Heap History (10 events):
Event: 4.670 GC heap before
{Heap before GC invocations=6 (full 1):
 PSYoungGen      total 71680K, used 66560K [0x00000000d5c00000, 0x00000000da700000, 0x0000000100000000)
  eden space 66560K, 100% used [0x00000000d5c00000,0x00000000d9d00000,0x00000000d9d00000)
  from space 5120K, 0% used [0x00000000da200000,0x00000000da200000,0x00000000da700000)
  to   space 5120K, 0% used [0x00000000d9d00000,0x00000000d9d00000,0x00000000da200000)
 ParOldGen       total 58368K, used 10010K [0x0000000081400000, 0x0000000084d00000, 0x00000000d5c00000)
  object space 58368K, 17% used [0x0000000081400000,0x0000000081dc6ad8,0x0000000084d00000)
 Metaspace       used 23550K, capacity 23886K, committed 24064K, reserved 1071104K
  class space    used 2882K, capacity 2962K, committed 3072K, reserved 1048576K
Event: 4.678 GC heap after
Heap after GC invocations=6 (full 1):
 PSYoungGen      total 71680K, used 3966K [0x00000000d5c00000, 0x00000000de280000, 0x0000000100000000)
  eden space 66560K, 0% used [0x00000000d5c00000,0x00000000d5c00000,0x00000000d9d00000)
  from space 5120K, 77% used [0x00000000d9d00000,0x00000000da0dfb28,0x00000000da200000)
  to   space 11776K, 0% used [0x00000000dd700000,0x00000000dd700000,0x00000000de280000)
 ParOldGen       total 58368K, used 10018K [0x0000000081400000, 0x0000000084d00000, 0x00000000d5c00000)
  object space 58368K, 17% used [0x0000000081400000,0x0000000081dc8ad8,0x0000000084d00000)
 Metaspace       used 23550K, capacity 23886K, committed 24064K, reserved 1071104K
  class space    used 2882K, capacity 2962K, committed 3072K, reserved 1048576K
}
Event: 5.815 GC heap before
{Heap before GC invocations=7 (full 1):
 PSYoungGen      total 71680K, used 70526K [0x00000000d5c00000, 0x00000000de280000, 0x0000000100000000)
  eden space 66560K, 100% used [0x00000000d5c00000,0x00000000d9d00000,0x00000000d9d00000)
  from space 5120K, 77% used [0x00000000d9d00000,0x00000000da0dfb28,0x00000000da200000)
  to   space 11776K, 0% used [0x00000000dd700000,0x00000000dd700000,0x00000000de280000)
 ParOldGen       total 58368K, used 10018K [0x0000000081400000, 0x0000000084d00000, 0x00000000d5c00000)
  object space 58368K, 17% used [0x0000000081400000,0x0000000081dc8ad8,0x0000000084d00000)
 Metaspace       used 27305K, capacity 27716K, committed 28032K, reserved 1073152K
  class space    used 3331K, capacity 3419K, committed 3456K, reserved 1048576K
Event: 5.821 GC heap after
Heap after GC invocations=7 (full 1):
 PSYoungGen      total 119808K, used 6469K [0x00000000d5c00000, 0x00000000ddf00000, 0x0000000100000000)
  eden space 111616K, 0% used [0x00000000d5c00000,0x00000000d5c00000,0x00000000dc900000)
  from space 8192K, 78% used [0x00000000dd700000,0x00000000ddd515a0,0x00000000ddf00000)
  to   space 11264K, 0% used [0x00000000dc900000,0x00000000dc900000,0x00000000dd400000)
 ParOldGen       total 58368K, used 10026K [0x0000000081400000, 0x0000000084d00000, 0x00000000d5c00000)
  object space 58368K, 17% used [0x0000000081400000,0x0000000081dcaad8,0x0000000084d00000)
 Metaspace       used 27305K, capacity 27716K, committed 28032K, reserved 1073152K
  class space    used 3331K, capacity 3419K, committed 3456K, reserved 1048576K
}
Event: 7.045 GC heap before
{Heap before GC invocations=8 (full 1):
 PSYoungGen      total 119808K, used 118085K [0x00000000d5c00000, 0x00000000ddf00000, 0x0000000100000000)
  eden space 111616K, 100% used [0x00000000d5c00000,0x00000000dc900000,0x00000000dc900000)
  from space 8192K, 78% used [0x00000000dd700000,0x00000000ddd515a0,0x00000000ddf00000)
  to   space 11264K, 0% used [0x00000000dc900000,0x00000000dc900000,0x00000000dd400000)
 ParOldGen       total 58368K, used 10026K [0x0000000081400000, 0x0000000084d00000, 0x00000000d5c00000)
  object space 58368K, 17% used [0x0000000081400000,0x0000000081dcaad8,0x0000000084d00000)
 Metaspace       used 33324K, capacity 33700K, committed 34048K, reserved 1079296K
  class space    used 3888K, capacity 4002K, committed 4096K, reserved 1048576K
Event: 7.057 GC heap after
Heap after GC invocations=8 (full 1):
 PSYoungGen      total 122880K, used 11248K [0x00000000d5c00000, 0x00000000e2d00000, 0x0000000100000000)
  eden space 111616K, 0% used [0x00000000d5c00000,0x00000000d5c00000,0x00000000dc900000)
  from space 11264K, 99% used [0x00000000dc900000,0x00000000dd3fc030,0x00000000dd400000)
  to   space 14848K, 0% used [0x00000000e1e80000,0x00000000e1e80000,0x00000000e2d00000)
 ParOldGen       total 58368K, used 13780K [0x0000000081400000, 0x0000000084d00000, 0x00000000d5c00000)
  object space 58368K, 23% used [0x0000000081400000,0x00000000821751a0,0x0000000084d00000)
 Metaspace       used 33324K, capacity 33700K, committed 34048K, reserved 1079296K
  class space    used 3888K, capacity 4002K, committed 4096K, reserved 1048576K
}
Event: 7.852 GC heap before
{Heap before GC invocations=9 (full 1):
 PSYoungGen      total 122880K, used 91002K [0x00000000d5c00000, 0x00000000e2d00000, 0x0000000100000000)
  eden space 111616K, 71% used [0x00000000d5c00000,0x00000000da9e2928,0x00000000dc900000)
  from space 11264K, 99% used [0x00000000dc900000,0x00000000dd3fc030,0x00000000dd400000)
  to   space 14848K, 0% used [0x00000000e1e80000,0x00000000e1e80000,0x00000000e2d00000)
 ParOldGen       total 58368K, used 13780K [0x0000000081400000, 0x0000000084d00000, 0x00000000d5c00000)
  object space 58368K, 23% used [0x0000000081400000,0x00000000821751a0,0x0000000084d00000)
 Metaspace       used 34984K, capacity 35360K, committed 35456K, reserved 1081344K
  class space    used 4101K, capacity 4204K, committed 4224K, reserved 1048576K
Event: 7.868 GC heap after
Heap after GC invocations=9 (full 1):
 PSYoungGen      total 196608K, used 14821K [0x00000000d5c00000, 0x00000000e3480000, 0x0000000100000000)
  eden space 181760K, 0% used [0x00000000d5c00000,0x00000000d5c00000,0x00000000e0d80000)
  from space 14848K, 99% used [0x00000000e1e80000,0x00000000e2cf9490,0x00000000e2d00000)
  to   space 17408K, 0% used [0x00000000e0d80000,0x00000000e0d80000,0x00000000e1e80000)
 ParOldGen       total 58368K, used 14493K [0x0000000081400000, 0x0000000084d00000, 0x00000000d5c00000)
  object space 58368K, 24% used [0x0000000081400000,0x0000000082227770,0x0000000084d00000)
 Metaspace       used 34984K, capacity 35360K, committed 35456K, reserved 1081344K
  class space    used 4101K, capacity 4204K, committed 4224K, reserved 1048576K
}
Event: 7.868 GC heap before
{Heap before GC invocations=10 (full 2):
 PSYoungGen      total 196608K, used 14821K [0x00000000d5c00000, 0x00000000e3480000, 0x0000000100000000)
  eden space 181760K, 0% used [0x00000000d5c00000,0x00000000d5c00000,0x00000000e0d80000)
  from space 14848K, 99% used [0x00000000e1e80000,0x00000000e2cf9490,0x00000000e2d00000)
  to   space 17408K, 0% used [0x00000000e0d80000,0x00000000e0d80000,0x00000000e1e80000)
 ParOldGen       total 58368K, used 14493K [0x0000000081400000, 0x0000000084d00000, 0x00000000d5c00000)
  object space 58368K, 24% used [0x0000000081400000,0x0000000082227770,0x0000000084d00000)
 Metaspace       used 34984K, capacity 35360K, committed 35456K, reserved 1081344K
  class space    used 4101K, capacity 4204K, committed 4224K, reserved 1048576K
Event: 7.952 GC heap after
Heap after GC invocations=10 (full 2):
 PSYoungGen      total 196608K, used 0K [0x00000000d5c00000, 0x00000000e3480000, 0x0000000100000000)
  eden space 181760K, 0% used [0x00000000d5c00000,0x00000000d5c00000,0x00000000e0d80000)
  from space 14848K, 0% used [0x00000000e1e80000,0x00000000e1e80000,0x00000000e2d00000)
  to   space 17408K, 0% used [0x00000000e0d80000,0x00000000e0d80000,0x00000000e1e80000)
 ParOldGen       total 92672K, used 24039K [0x0000000081400000, 0x0000000086e80000, 0x00000000d5c00000)
  object space 92672K, 25% used [0x0000000081400000,0x0000000082b79c60,0x0000000086e80000)
 Metaspace       used 34976K, capacity 35348K, committed 35456K, reserved 1081344K
  class space    used 4100K, capacity 4202K, committed 4224K, reserved 1048576K
}

