# JRE version: Java(TM) SE Runtime Environment (8.0_101-b13) (build 1.8.0_101-b13)
# Java VM: Java HotSpot(TM) 64-Bit Server VM (25.101-b13 mixed mode windows-amd64 compressed oops)
Heap:
 PSYoungGen      total 288768K, used 153068K [0x00000000d5c00000, 0x00000000eb580000, 0x0000000100000000)
  eden space 285184K, 53% used [0x00000000d5c00000,0x00000000df17b388,0x00000000e7280000)
  from space 3584K, 0% used [0x00000000eb200000,0x00000000eb200000,0x00000000eb580000)
  to   space 8192K, 0% used [0x00000000ea580000,0x00000000ea580000,0x00000000ead80000)
 ParOldGen       total 82432K, used 23237K [0x0000000081400000, 0x0000000086480000, 0x00000000d5c00000)
  object space 82432K, 28% used [0x0000000081400000,0x0000000082ab1610,0x0000000086480000)
 Metaspace       used 47504K, capacity 49392K, committed 49664K, reserved 1093632K
  class space    used 5195K, capacity 5764K, committed 5888K, reserved 1048576K
GC Heap History (10 events):
Event: 13468.705 GC heap before
{Heap before GC invocations=52 (full 18):
 PSYoungGen      total 289280K, used 3622K [0x00000000d5c00000, 0x00000000ebd80000, 0x0000000100000000)
  eden space 285184K, 0% used [0x00000000d5c00000,0x00000000d5c00000,0x00000000e7280000)
  from space 4096K, 88% used [0x00000000eb980000,0x00000000ebd09a50,0x00000000ebd80000)
  to   space 8704K, 0% used [0x00000000eac80000,0x00000000eac80000,0x00000000eb500000)
 ParOldGen       total 82432K, used 23082K [0x0000000081400000, 0x0000000086480000, 0x00000000d5c00000)
  object space 82432K, 28% used [0x0000000081400000,0x0000000082a8ab90,0x0000000086480000)
 Metaspace       used 46816K, capacity 48492K, committed 48640K, reserved 1091584K
  class space    used 5122K, capacity 5624K, committed 5632K, reserved 1048576K
Event: 13468.838 GC heap after
Heap after GC invocations=52 (full 18):
 PSYoungGen      total 289280K, used 0K [0x00000000d5c00000, 0x00000000ebd80000, 0x0000000100000000)
  eden space 285184K, 0% used [0x00000000d5c00000,0x00000000d5c00000,0x00000000e7280000)
  from space 4096K, 0% used [0x00000000eb980000,0x00000000eb980000,0x00000000ebd80000)
  to   space 8704K, 0% used [0x00000000eac80000,0x00000000eac80000,0x00000000eb500000)
 ParOldGen       total 82432K, used 23110K [0x0000000081400000, 0x0000000086480000, 0x00000000d5c00000)
  object space 82432K, 28% used [0x0000000081400000,0x0000000082a91a88,0x0000000086480000)
 Metaspace       used 46806K, capacity 48474K, committed 48640K, reserved 1091584K
  class space    used 5121K, capacity 5620K, committed 5632K, reserved 1048576K
}
Event: 13483.226 GC heap before
{Heap before GC invocations=53 (full 18):
 PSYoungGen      total 289280K, used 167503K [0x00000000d5c00000, 0x00000000ebd80000, 0x0000000100000000)
  eden space 285184K, 58% used [0x00000000d5c00000,0x00000000dff93fc8,0x00000000e7280000)
  from space 4096K, 0% used [0x00000000eb980000,0x00000000eb980000,0x00000000ebd80000)
  to   space 8704K, 0% used [0x00000000eac80000,0x00000000eac80000,0x00000000eb500000)
 ParOldGen       total 82432K, used 23110K [0x0000000081400000, 0x0000000086480000, 0x00000000d5c00000)
  object space 82432K, 28% used [0x0000000081400000,0x0000000082a91a88,0x0000000086480000)
 Metaspace       used 47043K, capacity 48738K, committed 49024K, reserved 1093632K
  class space    used 5144K, capacity 5662K, committed 5760K, reserved 1048576K
Event: 13483.233 GC heap after
Heap after GC invocations=53 (full 18):
 PSYoungGen      total 288768K, used 3526K [0x00000000d5c00000, 0x00000000eba00000, 0x0000000100000000)
  eden space 285184K, 0% used [0x00000000d5c00000,0x00000000d5c00000,0x00000000e7280000)
  from space 3584K, 98% used [0x00000000eac80000,0x00000000eaff1a50,0x00000000eb000000)
  to   space 8192K, 0% used [0x00000000eb200000,0x00000000eb200000,0x00000000eba00000)
 ParOldGen       total 82432K, used 23118K [0x0000000081400000, 0x0000000086480000, 0x00000000d5c00000)
  object space 82432K, 28% used [0x0000000081400000,0x0000000082a93a88,0x0000000086480000)
 Metaspace       used 47043K, capacity 48738K, committed 49024K, reserved 1093632K
  class space    used 5144K, capacity 5662K, committed 5760K, reserved 1048576K
}
Event: 13483.233 GC heap before
{Heap before GC invocations=54 (full 19):
 PSYoungGen      total 288768K, used 3526K [0x00000000d5c00000, 0x00000000eba00000, 0x0000000100000000)
  eden space 285184K, 0% used [0x00000000d5c00000,0x00000000d5c00000,0x00000000e7280000)
  from space 3584K, 98% used [0x00000000eac80000,0x00000000eaff1a50,0x00000000eb000000)
  to   space 8192K, 0% used [0x00000000eb200000,0x00000000eb200000,0x00000000eba00000)
 ParOldGen       total 82432K, used 23118K [0x0000000081400000, 0x0000000086480000, 0x00000000d5c00000)
  object space 82432K, 28% used [0x0000000081400000,0x0000000082a93a88,0x0000000086480000)
 Metaspace       used 47043K, capacity 48738K, committed 49024K, reserved 1093632K
  class space    used 5144K, capacity 5662K, committed 5760K, reserved 1048576K
Event: 13483.302 GC heap after
Heap after GC invocations=54 (full 19):
 PSYoungGen      total 288768K, used 0K [0x00000000d5c00000, 0x00000000eba00000, 0x0000000100000000)
  eden space 285184K, 0% used [0x00000000d5c00000,0x00000000d5c00000,0x00000000e7280000)
  from space 3584K, 0% used [0x00000000eac80000,0x00000000eac80000,0x00000000eb000000)
  to   space 8192K, 0% used [0x00000000eb200000,0x00000000eb200000,0x00000000eba00000)
 ParOldGen       total 82432K, used 23146K [0x0000000081400000, 0x0000000086480000, 0x00000000d5c00000)
  object space 82432K, 28% used [0x0000000081400000,0x0000000082a9a958,0x0000000086480000)
 Metaspace       used 47033K, capacity 48720K, committed 49024K, reserved 1093632K
  class space    used 5143K, capacity 5658K, committed 5760K, reserved 1048576K
}
Event: 13496.794 GC heap before
{Heap before GC invocations=55 (full 19):
 PSYoungGen      total 288768K, used 167992K [0x00000000d5c00000, 0x00000000eba00000, 0x0000000100000000)
  eden space 285184K, 58% used [0x00000000d5c00000,0x00000000e000e148,0x00000000e7280000)
  from space 3584K, 0% used [0x00000000eac80000,0x00000000eac80000,0x00000000eb000000)
  to   space 8192K, 0% used [0x00000000eb200000,0x00000000eb200000,0x00000000eba00000)
 ParOldGen       total 82432K, used 23146K [0x0000000081400000, 0x0000000086480000, 0x00000000d5c00000)
  object space 82432K, 28% used [0x0000000081400000,0x0000000082a9a958,0x0000000086480000)
 Metaspace       used 47409K, capacity 49280K, committed 49536K, reserved 1093632K
  class space    used 5183K, capacity 5728K, committed 5760K, reserved 1048576K
Event: 13496.800 GC heap after
Heap after GC invocations=55 (full 19):
 PSYoungGen      total 288768K, used 3526K [0x00000000d5c00000, 0x00000000eb580000, 0x0000000100000000)
  eden space 285184K, 0% used [0x00000000d5c00000,0x00000000d5c00000,0x00000000e7280000)
  from space 3584K, 98% used [0x00000000eb200000,0x00000000eb571a50,0x00000000eb580000)
  to   space 8192K, 0% used [0x00000000ea580000,0x00000000ea580000,0x00000000ead80000)
 ParOldGen       total 82432K, used 23154K [0x0000000081400000, 0x0000000086480000, 0x00000000d5c00000)
  object space 82432K, 28% used [0x0000000081400000,0x0000000082a9c958,0x0000000086480000)
 Metaspace       used 47409K, capacity 49280K, committed 49536K, reserved 1093632K
  class space    used 5183K, capacity 5728K, committed 5760K, reserved 1048576K
}
Event: 13496.800 GC heap before
{Heap before GC invocations=56 (full 20):
 PSYoungGen      total 288768K, used 3526K [0x00000000d5c00000, 0x00000000eb580000, 0x0000000100000000)
  eden space 285184K, 0% used [0x00000000d5c00000,0x00000000d5c00000,0x00000000e7280000)
  from space 3584K, 98% used [0x00000000eb200000,0x00000000eb571a50,0x00000000eb580000)
  to   space 8192K, 0% used [0x00000000ea580000,0x00000000ea580000,0x00000000ead80000)
 ParOldGen       total 82432K, used 23154K [0x0000000081400000, 0x0000000086480000, 0x00000000d5c00000)
  object space 82432K, 28% used [0x0000000081400000,0x0000000082a9c958,0x0000000086480000)
 Metaspace       used 47409K, capacity 49280K, committed 49536K, reserved 1093632K
  class space    used 5183K, capacity 5728K, committed 5760K, reserved 1048576K
Event: 13496.925 GC heap after
Heap after GC invocations=56 (full 20):
 PSYoungGen      total 288768K, used 0K [0x00000000d5c00000, 0x00000000eb580000, 0x0000000100000000)
  eden space 285184K, 0% used [0x00000000d5c00000,0x00000000d5c00000,0x00000000e7280000)
  from space 3584K, 0% used [0x00000000eb200000,0x00000000eb200000,0x00000000eb580000)
  to   space 8192K, 0% used [0x00000000ea580000,0x00000000ea580000,0x00000000ead80000)
 ParOldGen       total 82432K, used 23237K [0x0000000081400000, 0x0000000086480000, 0x00000000d5c00000)
  object space 82432K, 28% used [0x0000000081400000,0x0000000082ab1610,0x0000000086480000)
 Metaspace       used 47399K, capacity 49262K, committed 49536K, reserved 1093632K
  class space    used 5181K, capacity 5724K, committed 5760K, reserved 1048576K
}

