<?xml version="1.0" encoding="UTF-8"?>
<testsuite name="test.boot.MockTest" time="0.289" tests="1" errors="0" skipped="0" failures="1">
  <properties>
[...]
</properties>
  <testcase name="f1Test" classname="test.boot.MockTest" time="0.289">
    <failure message="expected:&lt;&quot;f[2]&quot;&gt; but was:&lt;&quot;f[1]&quot;&gt;" type="org.junit.ComparisonFailure"><![CDATA[org.junit.ComparisonFailure: expected:<"f[2]"> but was:<"f[1]">
	at sun.reflect.NativeConstructorAccessorImpl.newInstance0(Native Method)
	at sun.reflect.NativeConstructorAccessorImpl.newInstance(NativeConstructorAccessorImpl.java:62)
	at sun.reflect.DelegatingConstructorAccessorImpl.newInstance(DelegatingConstructorAccessorImpl.java:45)
	at test.boot.MockTest.f1Test(MockTest.java:24)
]]></failure>
    <system-out><![CDATA[ 2017-11-16 20:33:09.599 DEBUG org.springframework.test.context.junit4.SpringJUnit4ClassRunner - SpringJUnit4ClassRunner constructor called with [class test.boot.MockTest]
 2017-11-16 20:33:09.620 DEBUG org.springframework.test.context.BootstrapUtils - Instantiating CacheAwareContextLoaderDelegate from class [org.springframework.test.context.cache.DefaultCacheAwareContextLoaderDelegate]
 2017-11-16 20:33:09.637 DEBUG org.springframework.test.context.BootstrapUtils - Instantiating BootstrapContext using constructor [public org.springframework.test.context.support.DefaultBootstrapContext(java.lang.Class,org.springframework.test.context.CacheAwareContextLoaderDelegate)]
 2017-11-16 20:33:09.679 DEBUG org.springframework.test.context.BootstrapUtils - Instantiating TestContextBootstrapper for test class [test.boot.MockTest] from class [org.springframework.boot.test.context.SpringBootTestContextBootstrapper]
 2017-11-16 20:33:09.707 INFO  org.springframework.boot.test.context.SpringBootTestContextBootstrapper - Neither @ContextConfiguration nor @ContextHierarchy found for test class [test.boot.MockTest], using SpringBootContextLoader
 2017-11-16 20:33:09.714 DEBUG org.springframework.test.context.support.AbstractContextLoader - Did not detect default resource location for test class [test.boot.MockTest]: class path resource [test/boot/MockTest-context.xml] does not exist
 2017-11-16 20:33:09.715 DEBUG org.springframework.test.context.support.AbstractContextLoader - Did not detect default resource location for test class [test.boot.MockTest]: class path resource [test/boot/MockTestContext.groovy] does not exist
 2017-11-16 20:33:09.716 INFO  org.springframework.test.context.support.AbstractContextLoader - Could not detect default resource locations for test class [test.boot.MockTest]: no resource found for suffixes {-context.xml, Context.groovy}.
 2017-11-16 20:33:09.719 INFO  org.springframework.test.context.support.AnnotationConfigContextLoaderUtils - Could not detect default configuration classes for test class [test.boot.MockTest]: MockTest does not declare any static, non-private, non-final, nested classes annotated with @Configuration.
 2017-11-16 20:33:09.786 DEBUG org.springframework.test.context.support.ActiveProfilesUtils - Could not find an 'annotation declaring class' for annotation type [org.springframework.test.context.ActiveProfiles] and class [test.boot.MockTest]
 2017-11-16 20:33:09.815 DEBUG org.springframework.core.env.StandardEnvironment - Adding [systemProperties] PropertySource with lowest search precedence
 2017-11-16 20:33:09.815 DEBUG org.springframework.core.env.StandardEnvironment - Adding [systemEnvironment] PropertySource with lowest search precedence
 2017-11-16 20:33:09.816 DEBUG org.springframework.core.env.StandardEnvironment - Initialized StandardEnvironment with PropertySources [systemProperties,systemEnvironment]
 2017-11-16 20:33:09.837 DEBUG org.springframework.core.io.support.PathMatchingResourcePatternResolver - Resolved classpath location [test/boot/] to resources [URL [file:/G:/MyEclipseWorkspace/code/target/test-classes/test/boot/], URL [file:/G:/MyEclipseWorkspace/code/target/classes/test/boot/]]
 2017-11-16 20:33:09.837 DEBUG org.springframework.core.io.support.PathMatchingResourcePatternResolver - Looking for matching resources in directory tree [G:\MyEclipseWorkspace\code\target\test-classes\test\boot]
 2017-11-16 20:33:09.837 DEBUG org.springframework.core.io.support.PathMatchingResourcePatternResolver - Searching directory [G:\MyEclipseWorkspace\code\target\test-classes\test\boot] for files matching pattern [G:/MyEclipseWorkspace/code/target/test-classes/test/boot/*.class]
 2017-11-16 20:33:09.847 DEBUG org.springframework.core.io.support.PathMatchingResourcePatternResolver - Looking for matching resources in directory tree [G:\MyEclipseWorkspace\code\target\classes\test\boot]
 2017-11-16 20:33:09.847 DEBUG org.springframework.core.io.support.PathMatchingResourcePatternResolver - Searching directory [G:\MyEclipseWorkspace\code\target\classes\test\boot] for files matching pattern [G:/MyEclipseWorkspace/code/target/classes/test/boot/*.class]
 2017-11-16 20:33:09.849 DEBUG org.springframework.core.io.support.PathMatchingResourcePatternResolver - Resolved location pattern [classpath*:test/boot/*.class] to resources [file [G:\MyEclipseWorkspace\code\target\test-classes\test\boot\MockTest.class], file [G:\MyEclipseWorkspace\code\target\test-classes\test\boot\RunTest.class], file [G:\MyEclipseWorkspace\code\target\classes\test\boot\Example.class], file [G:\MyEclipseWorkspace\code\target\classes\test\boot\StatisticsListener.class], file [G:\MyEclipseWorkspace\code\target\classes\test\boot\TB.class]]
 2017-11-16 20:33:09.920 DEBUG org.springframework.context.annotation.ClassPathScanningCandidateComponentProvider - Identified candidate component class: file [G:\MyEclipseWorkspace\code\target\classes\test\boot\Example.class]
 2017-11-16 20:33:09.922 INFO  org.springframework.boot.test.context.SpringBootTestContextBootstrapper - Found @SpringBootConfiguration test.boot.Example for test class test.boot.MockTest
 2017-11-16 20:33:09.928 DEBUG org.springframework.boot.test.context.SpringBootTestContextBootstrapper - @TestExecutionListeners is not present for class [test.boot.MockTest]: using defaults.
 2017-11-16 20:33:09.935 INFO  org.springframework.boot.test.context.SpringBootTestContextBootstrapper - Loaded default TestExecutionListener class names from location [META-INF/spring.factories]: [org.springframework.boot.test.mock.mockito.MockitoTestExecutionListener, org.springframework.boot.test.mock.mockito.ResetMocksTestExecutionListener, org.springframework.boot.test.autoconfigure.restdocs.RestDocsTestExecutionListener, org.springframework.boot.test.autoconfigure.web.client.MockRestServiceServerResetTestExecutionListener, org.springframework.boot.test.autoconfigure.web.servlet.MockMvcPrintOnlyOnFailureTestExecutionListener, org.springframework.boot.test.autoconfigure.web.servlet.WebDriverTestExecutionListener, org.springframework.test.context.web.ServletTestExecutionListener, org.springframework.test.context.support.DirtiesContextBeforeModesTestExecutionListener, org.springframework.test.context.support.DependencyInjectionTestExecutionListener, org.springframework.test.context.support.DirtiesContextTestExecutionListener, org.springframework.test.context.transaction.TransactionalTestExecutionListener, org.springframework.test.context.jdbc.SqlScriptsTestExecutionListener]
 2017-11-16 20:33:09.978 INFO  org.springframework.boot.test.context.SpringBootTestContextBootstrapper - Using TestExecutionListeners: [org.springframework.test.context.web.ServletTestExecutionListener@6379eb, org.springframework.test.context.support.DirtiesContextBeforeModesTestExecutionListener@294425a7, org.springframework.boot.test.autoconfigure.SpringBootDependencyInjectionTestExecutionListener@67d48005, org.springframework.test.context.support.DirtiesContextTestExecutionListener@9f116cc, org.springframework.test.context.transaction.TransactionalTestExecutionListener@12468a38, org.springframework.test.context.jdbc.SqlScriptsTestExecutionListener@1aa7ecca, org.springframework.boot.test.mock.mockito.MockitoTestExecutionListener@59309333, org.springframework.boot.test.autoconfigure.restdocs.RestDocsTestExecutionListener@5876a9af, org.springframework.boot.test.mock.mockito.ResetMocksTestExecutionListener@7ec7ffd3, org.springframework.boot.test.autoconfigure.web.servlet.WebDriverTestExecutionListener@5b239d7d, org.springframework.boot.test.autoconfigure.web.servlet.MockMvcPrintOnlyOnFailureTestExecutionListener@6572421, org.springframework.boot.test.autoconfigure.web.client.MockRestServiceServerResetTestExecutionListener@6b81ce95]
 2017-11-16 20:33:09.985 DEBUG org.springframework.test.context.junit4.SpringJUnit4ClassRunner - SpringJUnit4ClassRunner constructor called with [class test.boot.RunTest]
 2017-11-16 20:33:09.986 DEBUG org.springframework.test.context.BootstrapUtils - Instantiating CacheAwareContextLoaderDelegate from class [org.springframework.test.context.cache.DefaultCacheAwareContextLoaderDelegate]
 2017-11-16 20:33:09.986 DEBUG org.springframework.test.context.BootstrapUtils - Instantiating BootstrapContext using constructor [public org.springframework.test.context.support.DefaultBootstrapContext(java.lang.Class,org.springframework.test.context.CacheAwareContextLoaderDelegate)]
 2017-11-16 20:33:09.987 DEBUG org.springframework.test.context.BootstrapUtils - Instantiating TestContextBootstrapper for test class [test.boot.RunTest] from class [org.springframework.boot.test.context.SpringBootTestContextBootstrapper]
 2017-11-16 20:33:09.988 INFO  org.springframework.boot.test.context.SpringBootTestContextBootstrapper - Neither @ContextConfiguration nor @ContextHierarchy found for test class [test.boot.RunTest], using SpringBootContextLoader
 2017-11-16 20:33:09.989 DEBUG org.springframework.test.context.support.AbstractContextLoader - Did not detect default resource location for test class [test.boot.RunTest]: class path resource [test/boot/RunTest-context.xml] does not exist
 2017-11-16 20:33:09.990 DEBUG org.springframework.test.context.support.AbstractContextLoader - Did not detect default resource location for test class [test.boot.RunTest]: class path resource [test/boot/RunTestContext.groovy] does not exist
 2017-11-16 20:33:09.990 INFO  org.springframework.test.context.support.AbstractContextLoader - Could not detect default resource locations for test class [test.boot.RunTest]: no resource found for suffixes {-context.xml, Context.groovy}.
 2017-11-16 20:33:09.990 INFO  org.springframework.test.context.support.AnnotationConfigContextLoaderUtils - Could not detect default configuration classes for test class [test.boot.RunTest]: RunTest does not declare any static, non-private, non-final, nested classes annotated with @Configuration.
 2017-11-16 20:33:10.001 DEBUG org.springframework.test.context.support.ActiveProfilesUtils - Could not find an 'annotation declaring class' for annotation type [org.springframework.test.context.ActiveProfiles] and class [test.boot.RunTest]
 2017-11-16 20:33:10.001 DEBUG org.springframework.core.env.StandardEnvironment - Adding [systemProperties] PropertySource with lowest search precedence
 2017-11-16 20:33:10.001 DEBUG org.springframework.core.env.StandardEnvironment - Adding [systemEnvironment] PropertySource with lowest search precedence
 2017-11-16 20:33:10.001 DEBUG org.springframework.core.env.StandardEnvironment - Initialized StandardEnvironment with PropertySources [systemProperties,systemEnvironment]
 2017-11-16 20:33:10.001 INFO  org.springframework.boot.test.context.SpringBootTestContextBootstrapper - Found @SpringBootConfiguration test.boot.Example for test class test.boot.RunTest
 2017-11-16 20:33:10.008 DEBUG org.springframework.boot.test.context.SpringBootTestContextBootstrapper - @TestExecutionListeners is not present for class [test.boot.RunTest]: using defaults.
 2017-11-16 20:33:10.021 INFO  org.springframework.boot.test.context.SpringBootTestContextBootstrapper - Loaded default TestExecutionListener class names from location [META-INF/spring.factories]: [org.springframework.boot.test.mock.mockito.MockitoTestExecutionListener, org.springframework.boot.test.mock.mockito.ResetMocksTestExecutionListener, org.springframework.boot.test.autoconfigure.restdocs.RestDocsTestExecutionListener, org.springframework.boot.test.autoconfigure.web.client.MockRestServiceServerResetTestExecutionListener, org.springframework.boot.test.autoconfigure.web.servlet.MockMvcPrintOnlyOnFailureTestExecutionListener, org.springframework.boot.test.autoconfigure.web.servlet.WebDriverTestExecutionListener, org.springframework.test.context.web.ServletTestExecutionListener, org.springframework.test.context.support.DirtiesContextBeforeModesTestExecutionListener, org.springframework.test.context.support.DependencyInjectionTestExecutionListener, org.springframework.test.context.support.DirtiesContextTestExecutionListener, org.springframework.test.context.transaction.TransactionalTestExecutionListener, org.springframework.test.context.jdbc.SqlScriptsTestExecutionListener]
 2017-11-16 20:33:10.026 INFO  org.springframework.boot.test.context.SpringBootTestContextBootstrapper - Using TestExecutionListeners: [org.springframework.test.context.web.ServletTestExecutionListener@49e53c76, org.springframework.test.context.support.DirtiesContextBeforeModesTestExecutionListener@351d00c0, org.springframework.boot.test.autoconfigure.SpringBootDependencyInjectionTestExecutionListener@2a3b5b47, org.springframework.test.context.support.DirtiesContextTestExecutionListener@55b699ef, org.springframework.test.context.transaction.TransactionalTestExecutionListener@35d019a3, org.springframework.test.context.jdbc.SqlScriptsTestExecutionListener@689604d9, org.springframework.boot.test.mock.mockito.MockitoTestExecutionListener@18078bef, org.springframework.boot.test.autoconfigure.restdocs.RestDocsTestExecutionListener@799f10e1, org.springframework.boot.test.mock.mockito.ResetMocksTestExecutionListener@4c371370, org.springframework.boot.test.autoconfigure.web.servlet.WebDriverTestExecutionListener@145f66e3, org.springframework.boot.test.autoconfigure.web.servlet.MockMvcPrintOnlyOnFailureTestExecutionListener@3023df74, org.springframework.boot.test.autoconfigure.web.client.MockRestServiceServerResetTestExecutionListener@313ac989]
 2017-11-16 20:33:10.036 DEBUG org.springframework.test.annotation.ProfileValueUtils - Retrieved @ProfileValueSourceConfiguration [null] for test class [test.boot.MockTest]
 2017-11-16 20:33:10.036 DEBUG org.springframework.test.annotation.ProfileValueUtils - Retrieved ProfileValueSource type [class org.springframework.test.annotation.SystemProfileValueSource] for class [test.boot.MockTest]
 2017-11-16 20:33:10.037 DEBUG org.springframework.test.annotation.ProfileValueUtils - Retrieved @ProfileValueSourceConfiguration [null] for test class [test.boot.RunTest]
 2017-11-16 20:33:10.038 DEBUG org.springframework.test.annotation.ProfileValueUtils - Retrieved ProfileValueSource type [class org.springframework.test.annotation.SystemProfileValueSource] for class [test.boot.RunTest]
 2017-11-16 20:33:10.041 DEBUG org.springframework.test.context.junit4.SpringJUnit4ClassRunner - SpringJUnit4ClassRunner constructor called with [class test.boot.MockTest]
 2017-11-16 20:33:10.041 DEBUG org.springframework.test.context.BootstrapUtils - Instantiating CacheAwareContextLoaderDelegate from class [org.springframework.test.context.cache.DefaultCacheAwareContextLoaderDelegate]
 2017-11-16 20:33:10.042 DEBUG org.springframework.test.context.BootstrapUtils - Instantiating BootstrapContext using constructor [public org.springframework.test.context.support.DefaultBootstrapContext(java.lang.Class,org.springframework.test.context.CacheAwareContextLoaderDelegate)]
 2017-11-16 20:33:10.043 DEBUG org.springframework.test.context.BootstrapUtils - Instantiating TestContextBootstrapper for test class [test.boot.MockTest] from class [org.springframework.boot.test.context.SpringBootTestContextBootstrapper]
 2017-11-16 20:33:10.045 INFO  org.springframework.boot.test.context.SpringBootTestContextBootstrapper - Neither @ContextConfiguration nor @ContextHierarchy found for test class [test.boot.MockTest], using SpringBootContextLoader
 2017-11-16 20:33:10.046 DEBUG org.springframework.test.context.support.AbstractContextLoader - Did not detect default resource location for test class [test.boot.MockTest]: class path resource [test/boot/MockTest-context.xml] does not exist
 2017-11-16 20:33:10.047 DEBUG org.springframework.test.context.support.AbstractContextLoader - Did not detect default resource location for test class [test.boot.MockTest]: class path resource [test/boot/MockTestContext.groovy] does not exist
 2017-11-16 20:33:10.047 INFO  org.springframework.test.context.support.AbstractContextLoader - Could not detect default resource locations for test class [test.boot.MockTest]: no resource found for suffixes {-context.xml, Context.groovy}.
 2017-11-16 20:33:10.047 INFO  org.springframework.test.context.support.AnnotationConfigContextLoaderUtils - Could not detect default configuration classes for test class [test.boot.MockTest]: MockTest does not declare any static, non-private, non-final, nested classes annotated with @Configuration.
 2017-11-16 20:33:10.055 DEBUG org.springframework.test.context.support.ActiveProfilesUtils - Could not find an 'annotation declaring class' for annotation type [org.springframework.test.context.ActiveProfiles] and class [test.boot.MockTest]
 2017-11-16 20:33:10.055 DEBUG org.springframework.core.env.StandardEnvironment - Adding [systemProperties] PropertySource with lowest search precedence
 2017-11-16 20:33:10.056 DEBUG org.springframework.core.env.StandardEnvironment - Adding [systemEnvironment] PropertySource with lowest search precedence
 2017-11-16 20:33:10.056 DEBUG org.springframework.core.env.StandardEnvironment - Initialized StandardEnvironment with PropertySources [systemProperties,systemEnvironment]
 2017-11-16 20:33:10.056 INFO  org.springframework.boot.test.context.SpringBootTestContextBootstrapper - Found @SpringBootConfiguration test.boot.Example for test class test.boot.MockTest
 2017-11-16 20:33:10.065 DEBUG org.springframework.boot.test.context.SpringBootTestContextBootstrapper - @TestExecutionListeners is not present for class [test.boot.MockTest]: using defaults.
 2017-11-16 20:33:10.070 INFO  org.springframework.boot.test.context.SpringBootTestContextBootstrapper - Loaded default TestExecutionListener class names from location [META-INF/spring.factories]: [org.springframework.boot.test.mock.mockito.MockitoTestExecutionListener, org.springframework.boot.test.mock.mockito.ResetMocksTestExecutionListener, org.springframework.boot.test.autoconfigure.restdocs.RestDocsTestExecutionListener, org.springframework.boot.test.autoconfigure.web.client.MockRestServiceServerResetTestExecutionListener, org.springframework.boot.test.autoconfigure.web.servlet.MockMvcPrintOnlyOnFailureTestExecutionListener, org.springframework.boot.test.autoconfigure.web.servlet.WebDriverTestExecutionListener, org.springframework.test.context.web.ServletTestExecutionListener, org.springframework.test.context.support.DirtiesContextBeforeModesTestExecutionListener, org.springframework.test.context.support.DependencyInjectionTestExecutionListener, org.springframework.test.context.support.DirtiesContextTestExecutionListener, org.springframework.test.context.transaction.TransactionalTestExecutionListener, org.springframework.test.context.jdbc.SqlScriptsTestExecutionListener]
 2017-11-16 20:33:10.081 INFO  org.springframework.boot.test.context.SpringBootTestContextBootstrapper - Using TestExecutionListeners: [org.springframework.test.context.web.ServletTestExecutionListener@3c41ed1d, org.springframework.test.context.support.DirtiesContextBeforeModesTestExecutionListener@54d9d12d, org.springframework.boot.test.autoconfigure.SpringBootDependencyInjectionTestExecutionListener@38425407, org.springframework.test.context.support.DirtiesContextTestExecutionListener@43bc63a3, org.springframework.test.context.transaction.TransactionalTestExecutionListener@702657cc, org.springframework.test.context.jdbc.SqlScriptsTestExecutionListener@6a6cb05c, org.springframework.boot.test.mock.mockito.MockitoTestExecutionListener@40a4337a, org.springframework.boot.test.autoconfigure.restdocs.RestDocsTestExecutionListener@6025e1b6, org.springframework.boot.test.mock.mockito.ResetMocksTestExecutionListener@22ff4249, org.springframework.boot.test.autoconfigure.web.servlet.WebDriverTestExecutionListener@2d1ef81a, org.springframework.boot.test.autoconfigure.web.servlet.MockMvcPrintOnlyOnFailureTestExecutionListener@4c402120, org.springframework.boot.test.autoconfigure.web.client.MockRestServiceServerResetTestExecutionListener@327514f]
 2017-11-16 20:33:10.082 DEBUG org.springframework.test.annotation.ProfileValueUtils - Retrieved @ProfileValueSourceConfiguration [null] for test class [test.boot.MockTest]
 2017-11-16 20:33:10.082 DEBUG org.springframework.test.annotation.ProfileValueUtils - Retrieved ProfileValueSource type [class org.springframework.test.annotation.SystemProfileValueSource] for class [test.boot.MockTest]
 2017-11-16 20:33:10.083 DEBUG org.springframework.test.annotation.ProfileValueUtils - Retrieved @ProfileValueSourceConfiguration [null] for test class [test.boot.MockTest]
 2017-11-16 20:33:10.083 DEBUG org.springframework.test.annotation.ProfileValueUtils - Retrieved ProfileValueSource type [class org.springframework.test.annotation.SystemProfileValueSource] for class [test.boot.MockTest]
 2017-11-16 20:33:10.087 DEBUG org.springframework.test.context.support.AbstractDirtiesContextTestExecutionListener - Before test class: context [DefaultTestContext@6150c3ec testClass = MockTest, testInstance = [null], testMethod = [null], testException = [null], mergedContextConfiguration = [WebMergedContextConfiguration@44c03695 testClass = MockTest, locations = '{}', classes = '{class test.boot.Example}', contextInitializerClasses = '[]', activeProfiles = '{}', propertySourceLocations = '{}', propertySourceProperties = '{org.springframework.boot.test.context.SpringBootTestContextBootstrapper=true}', contextCustomizers = set[org.springframework.boot.test.context.SpringBootTestContextCustomizer@40e6dfe1, org.springframework.boot.test.context.filter.ExcludeFilterContextCustomizer@3ec300f1, org.springframework.boot.test.mock.mockito.MockitoContextCustomizer@4eef9f3e, org.springframework.boot.test.autoconfigure.properties.PropertyMappingContextCustomizer@0, org.springframework.boot.test.autoconfigure.web.servlet.WebDriverContextCustomizerFactory$Customizer@13acb0d1], resourceBasePath = 'src/main/webapp', contextLoader = 'org.springframework.boot.test.context.SpringBootContextLoader', parent = [null]]], class annotated with @DirtiesContext [false] with mode [null].
 2017-11-16 20:33:10.088 DEBUG org.springframework.test.annotation.ProfileValueUtils - Retrieved @ProfileValueSourceConfiguration [null] for test class [test.boot.MockTest]
 2017-11-16 20:33:10.088 DEBUG org.springframework.test.annotation.ProfileValueUtils - Retrieved ProfileValueSource type [class org.springframework.test.annotation.SystemProfileValueSource] for class [test.boot.MockTest]
 2017-11-16 20:33:10.162 DEBUG org.springframework.core.env.StandardEnvironment - Adding [systemProperties] PropertySource with lowest search precedence
 2017-11-16 20:33:10.163 DEBUG org.springframework.core.env.StandardEnvironment - Adding [systemEnvironment] PropertySource with lowest search precedence
 2017-11-16 20:33:10.163 DEBUG org.springframework.core.env.StandardEnvironment - Initialized StandardEnvironment with PropertySources [systemProperties,systemEnvironment]
 2017-11-16 20:33:10.165 DEBUG org.springframework.core.env.MutablePropertySources - Adding [inline] PropertySource with highest search precedence
 2017-11-16 20:33:10.181 DEBUG org.springframework.test.context.support.TestPropertySourceUtils - Adding inlined properties to environment: {spring.jmx.enabled=false, org.springframework.boot.test.context.SpringBootTestContextBootstrapper=true, server.port=-1}
 2017-11-16 20:33:10.182 DEBUG org.springframework.core.env.StandardEnvironment - Adding [Inlined Test Properties] PropertySource with highest search precedence
 2017-11-16 20:33:10.539 DEBUG org.springframework.boot.logging.ClasspathLoggingApplicationListener - Application started with classpath: [file:/G:/MyEclipseWorkspace/code/target/surefire/surefirebooter7987956643685625797.jar]
 2017-11-16 20:33:10.541 DEBUG org.springframework.core.env.PropertySourcesPropertyResolver - Could not find key 'context.listener.classes' in any property source
 2017-11-16 20:33:10.547 DEBUG org.springframework.core.env.PropertySourcesPropertyResolver - Could not find key 'banner.image.location' in any property source
 2017-11-16 20:33:10.550 DEBUG org.springframework.core.env.PropertySourcesPropertyResolver - Could not find key 'banner.location' in any property source

  .   ____          _            __ _ _
 /\\ / ___'_ __ _ _(_)_ __  __ _ \ \ \ \
( ( )\___ | '_ | '_| | '_ \/ _` | \ \ \ \
 \\/  ___)| |_)| | | | | || (_| |  ) ) ) )
  '  |____| .__|_| |_|_| |_\__, | / / / /
 =========|_|==============|___/=/_/_/_/
 :: Spring Boot ::        (v1.5.3.RELEASE)

 2017-11-16 20:33:10.636 DEBUG org.springframework.core.env.PropertySourcesPropertyResolver - Could not find key 'context.initializer.classes' in any property source
 2017-11-16 20:33:10.636 DEBUG org.springframework.core.env.PropertySourcesPropertyResolver - Could not find key 'spring.config.name:application' in any property source
 2017-11-16 20:33:10.637 DEBUG org.springframework.core.env.PropertySourcesPropertyResolver - Could not find key 'spring.config.name' in any property source
 2017-11-16 20:33:10.637 DEBUG org.springframework.core.env.PropertySourcesPropertyResolver - Could not find key 'vcap.application.name:application' in any property source
 2017-11-16 20:33:10.637 DEBUG org.springframework.core.env.PropertySourcesPropertyResolver - Could not find key 'vcap.application.name' in any property source
 2017-11-16 20:33:10.637 DEBUG org.springframework.core.env.PropertySourcesPropertyResolver - Could not find key 'spring.application.name:application' in any property source
 2017-11-16 20:33:10.638 DEBUG org.springframework.core.env.PropertySourcesPropertyResolver - Could not find key 'spring.application.name' in any property source
 2017-11-16 20:33:10.638 DEBUG org.springframework.core.env.PropertySourcesPropertyResolver - Could not find key 'PORT:null' in any property source
 2017-11-16 20:33:10.638 DEBUG org.springframework.core.env.PropertySourcesPropertyResolver - Could not find key 'PORT' in any property source
 2017-11-16 20:33:10.638 DEBUG org.springframework.core.env.PropertySourcesPropertyResolver - Could not find key 'server.port:null' in any property source
 2017-11-16 20:33:10.638 DEBUG org.springframework.core.env.PropertySourcesPropertyResolver - Found key 'server.port' in [Inlined Test Properties] with type [String]
 2017-11-16 20:33:10.638 DEBUG org.springframework.core.env.PropertySourcesPropertyResolver - Could not find key 'spring.application.index:-1' in any property source
 2017-11-16 20:33:10.639 DEBUG org.springframework.core.env.PropertySourcesPropertyResolver - Could not find key 'spring.application.index' in any property source
 2017-11-16 20:33:10.639 DEBUG org.springframework.core.env.PropertySourcesPropertyResolver - Could not find key 'vcap.application.instance_index:-1' in any property source
 2017-11-16 20:33:10.639 DEBUG org.springframework.core.env.PropertySourcesPropertyResolver - Could not find key 'vcap.application.instance_index' in any property source
 2017-11-16 20:33:10.674 DEBUG org.springframework.beans.factory.support.DefaultListableBeanFactory - Registering scope 'restart' with implementation [org.springframework.boot.devtools.restart.RestartScopeInitializer$RestartScope@3c01cfa1]
 2017-11-16 20:33:10.692 DEBUG org.springframework.beans.factory.support.DefaultListableBeanFactory - Returning cached instance of singleton bean 'autoConfigurationReport'
 2017-11-16 20:33:10.699 INFO  test.boot.MockTest - Starting MockTest on DESKTOP-L8V67RD with PID 19828 (started by hasee in G:\MyEclipseWorkspace\code)
 2017-11-16 20:33:10.700 DEBUG test.boot.MockTest - Running with Spring Boot v1.5.3.RELEASE, Spring v4.3.8.RELEASE
 2017-11-16 20:33:10.700 INFO  test.boot.MockTest - The following profiles are active: dev
 2017-11-16 20:33:10.701 DEBUG org.springframework.boot.SpringApplication - Loading source class test.boot.Example
 2017-11-16 20:33:10.749 DEBUG org.springframework.context.annotation.ClassPathBeanDefinitionScanner - JSR-250 'javax.annotation.ManagedBean' found and supported for component scanning
 2017-11-16 20:33:10.782 DEBUG org.springframework.boot.context.config.ConfigFileApplicationListener - Activated profiles dev
 2017-11-16 20:33:10.782 DEBUG org.springframework.boot.context.config.ConfigFileApplicationListener - Loaded config file 'file:/G:/MyEclipseWorkspace/code/target/classes/application.properties' (classpath:/application.properties)
 2017-11-16 20:33:10.783 DEBUG org.springframework.boot.context.config.ConfigFileApplicationListener - Skipped (empty) config file 'file:/G:/MyEclipseWorkspace/code/target/classes/application.properties' (classpath:/application.properties) for profile dev
 2017-11-16 20:33:10.783 DEBUG org.springframework.boot.context.config.ConfigFileApplicationListener - Loaded config file 'file:/G:/MyEclipseWorkspace/code/target/classes/application-dev.yml' (classpath:/application-dev.yml)
 2017-11-16 20:33:10.783 DEBUG org.springframework.boot.context.config.ConfigFileApplicationListener - Skipped (empty) config file 'file:/G:/MyEclipseWorkspace/code/target/classes/application-dev.yml' (classpath:/application-dev.yml) for profile dev
 2017-11-16 20:33:10.786 INFO  org.springframework.web.context.support.GenericWebApplicationContext - Refreshing org.springframework.web.context.support.GenericWebApplicationContext@4d518b32: startup date [Thu Nov 16 20:33:10 CST 2017]; root of context hierarchy
 2017-11-16 20:33:10.787 DEBUG org.springframework.web.context.support.GenericWebApplicationContext - Bean factory for org.springframework.web.context.support.GenericWebApplicationContext@4d518b32: org.springframework.beans.factory.support.DefaultListableBeanFactory@17d88132: defining beans [org.springframework.boot.test.mock.mockito.MockitoPostProcessor$SpyPostProcessor,org.springframework.boot.test.mock.mockito.MockitoPostProcessor,org.springframework.context.annotation.internalConfigurationAnnotationProcessor,org.springframework.context.annotation.internalAutowiredAnnotationProcessor,org.springframework.context.annotation.internalRequiredAnnotationProcessor,org.springframework.context.annotation.internalCommonAnnotationProcessor,org.springframework.context.event.internalEventListenerProcessor,org.springframework.context.event.internalEventListenerFactory,example]; root of factory hierarchy
 2017-11-16 20:33:10.816 DEBUG org.springframework.beans.factory.support.DefaultListableBeanFactory - Registering scope 'request' with implementation [org.springframework.web.context.request.RequestScope@78d6692f]
 2017-11-16 20:33:10.817 DEBUG org.springframework.beans.factory.support.DefaultListableBeanFactory - Registering scope 'session' with implementation [org.springframework.web.context.request.SessionScope@492691d7]
 2017-11-16 20:33:10.818 DEBUG org.springframework.beans.factory.support.DefaultListableBeanFactory - Registering scope 'globalSession' with implementation [org.springframework.web.context.request.SessionScope@27216cd]
 2017-11-16 20:33:10.819 DEBUG org.springframework.beans.factory.support.DefaultListableBeanFactory - Registering scope 'application' with implementation [org.springframework.web.context.support.ServletContextScope@7582ff54]
 2017-11-16 20:33:10.833 DEBUG org.springframework.beans.factory.support.DefaultListableBeanFactory - Creating shared instance of singleton bean 'org.springframework.context.annotation.internalConfigurationAnnotationProcessor'
 2017-11-16 20:33:10.833 DEBUG org.springframework.beans.factory.support.DefaultListableBeanFactory - Creating instance of bean 'org.springframework.context.annotation.internalConfigurationAnnotationProcessor'
 2017-11-16 20:33:10.846 DEBUG org.springframework.beans.factory.support.DefaultListableBeanFactory - Eagerly caching bean 'org.springframework.context.annotation.internalConfigurationAnnotationProcessor' to allow for resolving potential circular references
 2017-11-16 20:33:10.861 DEBUG org.springframework.beans.factory.support.DefaultListableBeanFactory - Creating shared instance of singleton bean 'org.springframework.boot.autoconfigure.internalCachingMetadataReaderFactory'
 2017-11-16 20:33:10.862 DEBUG org.springframework.beans.factory.support.DefaultListableBeanFactory - Creating instance of bean 'org.springframework.boot.autoconfigure.internalCachingMetadataReaderFactory'
 2017-11-16 20:33:10.863 DEBUG org.springframework.beans.factory.support.DefaultListableBeanFactory - Eagerly caching bean 'org.springframework.boot.autoconfigure.internalCachingMetadataReaderFactory' to allow for resolving potential circular references
 2017-11-16 20:33:10.866 DEBUG org.springframework.beans.factory.support.DefaultListableBeanFactory - Finished creating instance of bean 'org.springframework.boot.autoconfigure.internalCachingMetadataReaderFactory'
 2017-11-16 20:33:10.884 DEBUG org.springframework.beans.factory.support.DefaultListableBeanFactory - Finished creating instance of bean 'org.springframework.context.annotation.internalConfigurationAnnotationProcessor'
 2017-11-16 20:33:10.913 DEBUG org.springframework.context.annotation.ClassPathBeanDefinitionScanner - JSR-250 'javax.annotation.ManagedBean' found and supported for component scanning
 2017-11-16 20:33:10.920 DEBUG org.springframework.core.io.support.PathMatchingResourcePatternResolver - Resolved classpath location [test/boot/] to resources [URL [file:/G:/MyEclipseWorkspace/code/target/test-classes/test/boot/], URL [file:/G:/MyEclipseWorkspace/code/target/classes/test/boot/]]
 2017-11-16 20:33:10.925 DEBUG org.springframework.core.io.support.PathMatchingResourcePatternResolver - Looking for matching resources in directory tree [G:\MyEclipseWorkspace\code\target\test-classes\test\boot]
 2017-11-16 20:33:10.927 DEBUG org.springframework.core.io.support.PathMatchingResourcePatternResolver - Searching directory [G:\MyEclipseWorkspace\code\target\test-classes\test\boot] for files matching pattern [G:/MyEclipseWorkspace/code/target/test-classes/test/boot/**/*.class]
 2017-11-16 20:33:10.929 DEBUG org.springframework.core.io.support.PathMatchingResourcePatternResolver - Looking for matching resources in directory tree [G:\MyEclipseWorkspace\code\target\classes\test\boot]
 2017-11-16 20:33:10.930 DEBUG org.springframework.core.io.support.PathMatchingResourcePatternResolver - Searching directory [G:\MyEclipseWorkspace\code\target\classes\test\boot] for files matching pattern [G:/MyEclipseWorkspace/code/target/classes/test/boot/**/*.class]
 2017-11-16 20:33:10.932 DEBUG org.springframework.core.io.support.PathMatchingResourcePatternResolver - Searching directory [G:\MyEclipseWorkspace\code\target\classes\test\boot\controller] for files matching pattern [G:/MyEclipseWorkspace/code/target/classes/test/boot/**/*.class]
 2017-11-16 20:33:10.933 DEBUG org.springframework.core.io.support.PathMatchingResourcePatternResolver - Searching directory [G:\MyEclipseWorkspace\code\target\classes\test\boot\dao] for files matching pattern [G:/MyEclipseWorkspace/code/target/classes/test/boot/**/*.class]
 2017-11-16 20:33:10.934 DEBUG org.springframework.core.io.support.PathMatchingResourcePatternResolver - Searching directory [G:\MyEclipseWorkspace\code\target\classes\test\boot\entity] for files matching pattern [G:/MyEclipseWorkspace/code/target/classes/test/boot/**/*.class]
 2017-11-16 20:33:10.936 DEBUG org.springframework.core.io.support.PathMatchingResourcePatternResolver - Searching directory [G:\MyEclipseWorkspace\code\target\classes\test\boot\entity\tables] for files matching pattern [G:/MyEclipseWorkspace/code/target/classes/test/boot/**/*.class]
 2017-11-16 20:33:10.936 DEBUG org.springframework.core.io.support.PathMatchingResourcePatternResolver - Searching directory [G:\MyEclipseWorkspace\code\target\classes\test\boot\entity\tables\pojos] for files matching pattern [G:/MyEclipseWorkspace/code/target/classes/test/boot/**/*.class]
 2017-11-16 20:33:10.937 DEBUG org.springframework.core.io.support.PathMatchingResourcePatternResolver - Searching directory [G:\MyEclipseWorkspace\code\target\classes\test\boot\entity\tables\records] for files matching pattern [G:/MyEclipseWorkspace/code/target/classes/test/boot/**/*.class]
 2017-11-16 20:33:10.938 DEBUG org.springframework.core.io.support.PathMatchingResourcePatternResolver - Searching directory [G:\MyEclipseWorkspace\code\target\classes\test\boot\mapper] for files matching pattern [G:/MyEclipseWorkspace/code/target/classes/test/boot/**/*.class]
 2017-11-16 20:33:10.939 DEBUG org.springframework.core.io.support.PathMatchingResourcePatternResolver - Searching directory [G:\MyEclipseWorkspace\code\target\classes\test\boot\model] for files matching pattern [G:/MyEclipseWorkspace/code/target/classes/test/boot/**/*.class]
 2017-11-16 20:33:10.943 DEBUG org.springframework.core.io.support.PathMatchingResourcePatternResolver - Searching directory [G:\MyEclipseWorkspace\code\target\classes\test\boot\model\dto] for files matching pattern [G:/MyEclipseWorkspace/code/target/classes/test/boot/**/*.class]
 2017-11-16 20:33:10.944 DEBUG org.springframework.core.io.support.PathMatchingResourcePatternResolver - Searching directory [G:\MyEclipseWorkspace\code\target\classes\test\boot\service] for files matching pattern [G:/MyEclipseWorkspace/code/target/classes/test/boot/**/*.class]
 2017-11-16 20:33:10.945 DEBUG org.springframework.core.io.support.PathMatchingResourcePatternResolver - Searching directory [G:\MyEclipseWorkspace\code\target\classes\test\boot\service\impl] for files matching pattern [G:/MyEclipseWorkspace/code/target/classes/test/boot/**/*.class]
 2017-11-16 20:33:10.947 DEBUG org.springframework.core.io.support.PathMatchingResourcePatternResolver - Resolved location pattern [classpath*:test/boot/**/*.class] to resources [file [G:\MyEclipseWorkspace\code\target\test-classes\test\boot\MockTest.class], file [G:\MyEclipseWorkspace\code\target\test-classes\test\boot\RunTest.class], file [G:\MyEclipseWorkspace\code\target\classes\test\boot\controller\DatasourceController.class], file [G:\MyEclipseWorkspace\code\target\classes\test\boot\dao\DatasourceDao.class], file [G:\MyEclipseWorkspace\code\target\classes\test\boot\entity\DefaultCatalog.class], file [G:\MyEclipseWorkspace\code\target\classes\test\boot\entity\Keys$Identities0.class], file [G:\MyEclipseWorkspace\code\target\classes\test\boot\entity\Keys$UniqueKeys0.class], file [G:\MyEclipseWorkspace\code\target\classes\test\boot\entity\Keys.class], file [G:\MyEclipseWorkspace\code\target\classes\test\boot\entity\Public.class], file [G:\MyEclipseWorkspace\code\target\classes\test\boot\entity\Sequences.class], file [G:\MyEclipseWorkspace\code\target\classes\test\boot\entity\tables\pojos\TDatasource.class], file [G:\MyEclipseWorkspace\code\target\classes\test\boot\entity\tables\records\TDatasourceRecord.class], file [G:\MyEclipseWorkspace\code\target\classes\test\boot\entity\tables\TDatasource.class], file [G:\MyEclipseWorkspace\code\target\classes\test\boot\entity\Tables.class], file [G:\MyEclipseWorkspace\code\target\classes\test\boot\Example.class], file [G:\MyEclipseWorkspace\code\target\classes\test\boot\mapper\DatasourceMapper.class], file [G:\MyEclipseWorkspace\code\target\classes\test\boot\model\ColumnInfo.class], file [G:\MyEclipseWorkspace\code\target\classes\test\boot\model\dto\DatasourceDTO.class], file [G:\MyEclipseWorkspace\code\target\classes\test\boot\model\SchemaInfo.class], file [G:\MyEclipseWorkspace\code\target\classes\test\boot\model\TableInfo.class], file [G:\MyEclipseWorkspace\code\target\classes\test\boot\service\DatasourceService.class], file [G:\MyEclipseWorkspace\code\target\classes\test\boot\service\impl\DatasourceServiceImpl.class], file [G:\MyEclipseWorkspace\code\target\classes\test\boot\service\impl\ForTestServiceImpl.class], file [G:\MyEclipseWorkspace\code\target\classes\test\boot\StatisticsListener.class], file [G:\MyEclipseWorkspace\code\target\classes\test\boot\TB.class]]
 2017-11-16 20:33:10.950 DEBUG org.springframework.beans.factory.support.DefaultListableBeanFactory - Returning cached instance of singleton bean 'org.springframework.boot.test.context.filter.TestTypeExcludeFilter'
 2017-11-16 20:33:10.958 DEBUG org.springframework.beans.factory.support.DefaultListableBeanFactory - Returning cached instance of singleton bean 'org.springframework.boot.test.context.filter.TestTypeExcludeFilter'
 2017-11-16 20:33:10.977 DEBUG org.springframework.beans.factory.support.DefaultListableBeanFactory - Returning cached instance of singleton bean 'org.springframework.boot.test.context.filter.TestTypeExcludeFilter'
 2017-11-16 20:33:10.977 DEBUG org.springframework.context.annotation.ClassPathBeanDefinitionScanner - Identified candidate component class: file [G:\MyEclipseWorkspace\code\target\classes\test\boot\controller\DatasourceController.class]
 2017-11-16 20:33:10.978 DEBUG org.springframework.beans.factory.support.DefaultListableBeanFactory - Returning cached instance of singleton bean 'org.springframework.boot.test.context.filter.TestTypeExcludeFilter'
 2017-11-16 20:33:10.979 DEBUG org.springframework.context.annotation.ClassPathBeanDefinitionScanner - Identified candidate component class: file [G:\MyEclipseWorkspace\code\target\classes\test\boot\dao\DatasourceDao.class]
 2017-11-16 20:33:10.981 DEBUG org.springframework.beans.factory.support.DefaultListableBeanFactory - Returning cached instance of singleton bean 'org.springframework.boot.test.context.filter.TestTypeExcludeFilter'
 2017-11-16 20:33:10.982 DEBUG org.springframework.beans.factory.support.DefaultListableBeanFactory - Returning cached instance of singleton bean 'org.springframework.boot.test.context.filter.TestTypeExcludeFilter'
 2017-11-16 20:33:10.984 DEBUG org.springframework.beans.factory.support.DefaultListableBeanFactory - Returning cached instance of singleton bean 'org.springframework.boot.test.context.filter.TestTypeExcludeFilter'
 2017-11-16 20:33:10.986 DEBUG org.springframework.beans.factory.support.DefaultListableBeanFactory - Returning cached instance of singleton bean 'org.springframework.boot.test.context.filter.TestTypeExcludeFilter'
 2017-11-16 20:33:10.987 DEBUG org.springframework.beans.factory.support.DefaultListableBeanFactory - Returning cached instance of singleton bean 'org.springframework.boot.test.context.filter.TestTypeExcludeFilter'
 2017-11-16 20:33:10.989 DEBUG org.springframework.beans.factory.support.DefaultListableBeanFactory - Returning cached instance of singleton bean 'org.springframework.boot.test.context.filter.TestTypeExcludeFilter'
 2017-11-16 20:33:10.992 DEBUG org.springframework.beans.factory.support.DefaultListableBeanFactory - Returning cached instance of singleton bean 'org.springframework.boot.test.context.filter.TestTypeExcludeFilter'
 2017-11-16 20:33:10.997 DEBUG org.springframework.beans.factory.support.DefaultListableBeanFactory - Returning cached instance of singleton bean 'org.springframework.boot.test.context.filter.TestTypeExcludeFilter'
 2017-11-16 20:33:11.009 DEBUG org.springframework.beans.factory.support.DefaultListableBeanFactory - Returning cached instance of singleton bean 'org.springframework.boot.test.context.filter.TestTypeExcludeFilter'
 2017-11-16 20:33:11.011 DEBUG org.springframework.beans.factory.support.DefaultListableBeanFactory - Returning cached instance of singleton bean 'org.springframework.boot.test.context.filter.TestTypeExcludeFilter'
 2017-11-16 20:33:11.021 DEBUG org.springframework.beans.factory.support.DefaultListableBeanFactory - Returning cached instance of singleton bean 'org.springframework.boot.test.context.filter.TestTypeExcludeFilter'
 2017-11-16 20:33:11.023 DEBUG org.springframework.beans.factory.support.DefaultListableBeanFactory - Returning cached instance of singleton bean 'org.springframework.boot.test.context.filter.TestTypeExcludeFilter'
 2017-11-16 20:33:11.024 DEBUG org.springframework.beans.factory.support.DefaultListableBeanFactory - Returning cached instance of singleton bean 'org.springframework.boot.test.context.filter.TestTypeExcludeFilter'
 2017-11-16 20:33:11.026 DEBUG org.springframework.beans.factory.support.DefaultListableBeanFactory - Returning cached instance of singleton bean 'org.springframework.boot.test.context.filter.TestTypeExcludeFilter'
 2017-11-16 20:33:11.030 DEBUG org.springframework.beans.factory.support.DefaultListableBeanFactory - Returning cached instance of singleton bean 'org.springframework.boot.test.context.filter.TestTypeExcludeFilter'
 2017-11-16 20:33:11.033 DEBUG org.springframework.beans.factory.support.DefaultListableBeanFactory - Returning cached instance of singleton bean 'org.springframework.boot.test.context.filter.TestTypeExcludeFilter'
 2017-11-16 20:33:11.036 DEBUG org.springframework.beans.factory.support.DefaultListableBeanFactory - Returning cached instance of singleton bean 'org.springframework.boot.test.context.filter.TestTypeExcludeFilter'
 2017-11-16 20:33:11.037 DEBUG org.springframework.context.annotation.ClassPathBeanDefinitionScanner - Identified candidate component class: file [G:\MyEclipseWorkspace\code\target\classes\test\boot\service\impl\DatasourceServiceImpl.class]
 2017-11-16 20:33:11.039 DEBUG org.springframework.beans.factory.support.DefaultListableBeanFactory - Returning cached instance of singleton bean 'org.springframework.boot.test.context.filter.TestTypeExcludeFilter'
 2017-11-16 20:33:11.040 DEBUG org.springframework.context.annotation.ClassPathBeanDefinitionScanner - Identified candidate component class: file [G:\MyEclipseWorkspace\code\target\classes\test\boot\service\impl\ForTestServiceImpl.class]
 2017-11-16 20:33:11.044 DEBUG org.springframework.beans.factory.support.DefaultListableBeanFactory - Returning cached instance of singleton bean 'org.springframework.boot.test.context.filter.TestTypeExcludeFilter'
 2017-11-16 20:33:11.047 DEBUG org.springframework.beans.factory.support.DefaultListableBeanFactory - Returning cached instance of singleton bean 'org.springframework.boot.test.context.filter.TestTypeExcludeFilter'
 2017-11-16 20:33:11.093 DEBUG org.springframework.core.env.PropertySourcesPropertyResolver - Could not find key 'spring.boot.enableautoconfiguration' in any property source
 2017-11-16 20:33:11.104 DEBUG org.springframework.beans.factory.support.DefaultListableBeanFactory - Returning cached instance of singleton bean 'org.springframework.boot.autoconfigure.internalCachingMetadataReaderFactory'
 2017-11-16 20:33:11.139 DEBUG org.springframework.beans.factory.support.DefaultListableBeanFactory - Returning cached instance of singleton bean 'autoConfigurationReport'
 2017-11-16 20:33:11.223 DEBUG org.springframework.beans.factory.support.DefaultListableBeanFactory - Returning cached instance of singleton bean 'autoConfigurationReport'
 2017-11-16 20:33:11.373 DEBUG org.springframework.core.env.PropertySourcesPropertyResolver - Could not find key 'spring.messages.basename' in any property source
 2017-11-16 20:33:11.373 DEBUG org.springframework.core.io.support.PathMatchingResourcePatternResolver - Resolved classpath location [messages.properties] to resources []
 2017-11-16 20:33:11.374 DEBUG org.springframework.beans.factory.support.DefaultListableBeanFactory - Returning cached instance of singleton bean 'autoConfigurationReport'
 2017-11-16 20:33:11.381 DEBUG org.springframework.beans.factory.support.DefaultListableBeanFactory - Returning cached instance of singleton bean 'autoConfigurationReport'
 2017-11-16 20:33:11.397 DEBUG org.springframework.beans.factory.support.DefaultListableBeanFactory - Returning cached instance of singleton bean 'autoConfigurationReport'
 2017-11-16 20:33:11.428 DEBUG org.springframework.beans.factory.support.DefaultListableBeanFactory - Returning cached instance of singleton bean 'autoConfigurationReport'
 2017-11-16 20:33:11.488 DEBUG org.springframework.beans.factory.support.DefaultListableBeanFactory - Returning cached instance of singleton bean 'autoConfigurationReport'
 2017-11-16 20:33:11.430 DEBUG org.jboss.logging - Logging Provider: org.jboss.logging.Slf4jLoggerProvider found via system property
 2017-11-16 20:33:11.490 DEBUG org.springframework.beans.factory.support.DefaultListableBeanFactory - Returning cached instance of singleton bean 'autoConfigurationReport'
 2017-11-16 20:33:11.490 INFO  org.hibernate.validator.internal.util.Version - HV000001: Hibernate Validator 5.3.5.Final
 2017-11-16 20:33:11.491 DEBUG org.springframework.beans.factory.support.DefaultListableBeanFactory - Returning cached instance of singleton bean 'autoConfigurationReport'
 2017-11-16 20:33:11.504 DEBUG org.springframework.beans.factory.support.DefaultListableBeanFactory - Returning cached instance of singleton bean 'autoConfigurationReport'
 2017-11-16 20:33:11.505 DEBUG org.springframework.beans.factory.support.DefaultListableBeanFactory - Returning cached instance of singleton bean 'autoConfigurationReport'
 2017-11-16 20:33:11.519 DEBUG org.springframework.beans.factory.support.DefaultListableBeanFactory - Returning cached instance of singleton bean 'autoConfigurationReport'
 2017-11-16 20:33:11.520 DEBUG org.springframework.beans.factory.support.DefaultListableBeanFactory - Returning cached instance of singleton bean 'autoConfigurationReport'
 2017-11-16 20:33:11.527 DEBUG org.springframework.beans.factory.support.DefaultListableBeanFactory - Returning cached instance of singleton bean 'autoConfigurationReport'
 2017-11-16 20:33:11.536 DEBUG org.springframework.beans.factory.support.DefaultListableBeanFactory - Returning cached instance of singleton bean 'autoConfigurationReport'
 2017-11-16 20:33:11.543 DEBUG org.springframework.beans.factory.support.DefaultListableBeanFactory - Returning cached instance of singleton bean 'autoConfigurationReport'
 2017-11-16 20:33:11.547 DEBUG org.springframework.beans.factory.support.DefaultListableBeanFactory - Returning cached instance of singleton bean 'autoConfigurationReport'
 2017-11-16 20:33:11.553 DEBUG org.springframework.beans.factory.support.DefaultListableBeanFactory - Returning cached instance of singleton bean 'autoConfigurationReport'
 2017-11-16 20:33:11.562 DEBUG org.hibernate.validator.internal.engine.resolver.DefaultTraversableResolver - Cannot find javax.persistence.Persistence on classpath. Assuming non JPA 2 environment. All properties will per default be traversable.
 2017-11-16 20:33:11.569 DEBUG org.springframework.beans.factory.support.DefaultListableBeanFactory - Returning cached instance of singleton bean 'autoConfigurationReport'
 2017-11-16 20:33:11.569 DEBUG org.springframework.beans.factory.support.DefaultListableBeanFactory - Returning cached instance of singleton bean 'autoConfigurationReport'
 2017-11-16 20:33:11.586 DEBUG org.springframework.beans.factory.support.DefaultListableBeanFactory - Returning cached instance of singleton bean 'autoConfigurationReport'
 2017-11-16 20:33:11.594 DEBUG org.springframework.beans.factory.support.DefaultListableBeanFactory - Returning cached instance of singleton bean 'autoConfigurationReport'
 2017-11-16 20:33:11.601 DEBUG org.springframework.beans.factory.support.DefaultListableBeanFactory - Returning cached instance of singleton bean 'autoConfigurationReport'
 2017-11-16 20:33:11.602 DEBUG org.springframework.beans.factory.support.DefaultListableBeanFactory - Returning cached instance of singleton bean 'autoConfigurationReport'
 2017-11-16 20:33:11.617 DEBUG org.springframework.beans.factory.support.DefaultListableBeanFactory - Returning cached instance of singleton bean 'autoConfigurationReport'
 2017-11-16 20:33:11.618 DEBUG org.springframework.beans.factory.support.DefaultListableBeanFactory - Returning cached instance of singleton bean 'autoConfigurationReport'
 2017-11-16 20:33:11.623 DEBUG org.springframework.beans.factory.support.DefaultListableBeanFactory - Returning cached instance of singleton bean 'autoConfigurationReport'
 2017-11-16 20:33:11.626 DEBUG org.springframework.beans.factory.support.DefaultListableBeanFactory - Returning cached instance of singleton bean 'autoConfigurationReport'
 2017-11-16 20:33:11.637 DEBUG org.springframework.beans.factory.support.DefaultListableBeanFactory - Returning cached instance of singleton bean 'autoConfigurationReport'
 2017-11-16 20:33:11.637 DEBUG org.springframework.beans.factory.support.DefaultListableBeanFactory - Returning cached instance of singleton bean 'autoConfigurationReport'
 2017-11-16 20:33:11.652 DEBUG org.springframework.beans.factory.support.DefaultListableBeanFactory - Returning cached instance of singleton bean 'autoConfigurationReport'
 2017-11-16 20:33:11.677 DEBUG org.springframework.beans.factory.support.DefaultListableBeanFactory - Returning cached instance of singleton bean 'autoConfigurationReport'
 2017-11-16 20:33:11.688 DEBUG org.springframework.beans.factory.support.DefaultListableBeanFactory - Returning cached instance of singleton bean 'autoConfigurationReport'
 2017-11-16 20:33:11.689 DEBUG org.springframework.beans.factory.support.DefaultListableBeanFactory - Returning cached instance of singleton bean 'autoConfigurationReport'
 2017-11-16 20:33:11.714 DEBUG org.springframework.beans.factory.support.DefaultListableBeanFactory - Returning cached instance of singleton bean 'autoConfigurationReport'
 2017-11-16 20:33:11.732 DEBUG org.springframework.beans.factory.support.DefaultListableBeanFactory - Returning cached instance of singleton bean 'autoConfigurationReport'
 2017-11-16 20:33:11.743 DEBUG org.springframework.beans.factory.support.DefaultListableBeanFactory - Returning cached instance of singleton bean 'autoConfigurationReport'
 2017-11-16 20:33:11.744 DEBUG org.springframework.core.env.PropertySourcesPropertyResolver - Found key 'spring.jmx.enabled' in [Inlined Test Properties] with type [String]
 2017-11-16 20:33:11.744 DEBUG org.springframework.beans.factory.support.DefaultListableBeanFactory - Returning cached instance of singleton bean 'autoConfigurationReport'
 2017-11-16 20:33:11.744 DEBUG org.springframework.beans.factory.support.DefaultListableBeanFactory - Returning cached instance of singleton bean 'autoConfigurationReport'
 2017-11-16 20:33:11.745 DEBUG org.springframework.beans.factory.support.DefaultListableBeanFactory - Returning cached instance of singleton bean 'autoConfigurationReport'
 2017-11-16 20:33:11.746 DEBUG org.springframework.beans.factory.support.DefaultListableBeanFactory - Returning cached instance of singleton bean 'autoConfigurationReport'
 2017-11-16 20:33:11.746 DEBUG org.springframework.beans.factory.support.DefaultListableBeanFactory - Returning cached instance of singleton bean 'autoConfigurationReport'
 2017-11-16 20:33:11.780 DEBUG org.springframework.beans.factory.support.DefaultListableBeanFactory - Returning cached instance of singleton bean 'autoConfigurationReport'
 2017-11-16 20:33:11.783 DEBUG org.springframework.beans.factory.support.DefaultListableBeanFactory - Returning cached instance of singleton bean 'autoConfigurationReport'
 2017-11-16 20:33:11.801 DEBUG org.springframework.core.env.PropertySourcesPropertyResolver - Found key 'spring.datasource.type' in [applicationConfigurationProperties] with type [String]
 2017-11-16 20:33:11.801 DEBUG org.springframework.beans.factory.support.DefaultListableBeanFactory - Returning cached instance of singleton bean 'autoConfigurationReport'
 2017-11-16 20:33:11.818 DEBUG org.springframework.beans.factory.support.DefaultListableBeanFactory - Returning cached instance of singleton bean 'autoConfigurationReport'
 2017-11-16 20:33:11.819 DEBUG org.springframework.core.env.PropertySourcesPropertyResolver - Found key 'spring.datasource.type' in [applicationConfigurationProperties] with type [String]
 2017-11-16 20:33:11.819 DEBUG org.springframework.beans.factory.support.DefaultListableBeanFactory - Returning cached instance of singleton bean 'autoConfigurationReport'
 2017-11-16 20:33:11.828 DEBUG org.springframework.beans.factory.support.DefaultListableBeanFactory - Returning cached instance of singleton bean 'autoConfigurationReport'
 2017-11-16 20:33:11.829 DEBUG org.springframework.core.env.PropertySourcesPropertyResolver - Found key 'spring.datasource.type' in [applicationConfigurationProperties] with type [String]
 2017-11-16 20:33:11.831 DEBUG org.springframework.beans.factory.support.DefaultListableBeanFactory - Returning cached instance of singleton bean 'autoConfigurationReport'
 2017-11-16 20:33:11.836 DEBUG org.springframework.core.env.PropertySourcesPropertyResolver - Found key 'spring.datasource.type' in [applicationConfigurationProperties] with type [String]
 2017-11-16 20:33:11.836 DEBUG org.springframework.beans.factory.support.DefaultListableBeanFactory - Returning cached instance of singleton bean 'autoConfigurationReport'
 2017-11-16 20:33:11.839 DEBUG org.springframework.beans.factory.support.DefaultListableBeanFactory - Returning cached instance of singleton bean 'autoConfigurationReport'
 2017-11-16 20:33:11.841 DEBUG org.springframework.beans.factory.support.DefaultListableBeanFactory - Returning cached instance of singleton bean 'autoConfigurationReport'
 2017-11-16 20:33:11.841 DEBUG org.springframework.beans.factory.support.DefaultListableBeanFactory - Returning cached instance of singleton bean 'autoConfigurationReport'
 2017-11-16 20:33:11.842 DEBUG org.springframework.core.env.PropertySourcesPropertyResolver - Found key 'spring.datasource.type' in [applicationConfigurationProperties] with type [String]
 2017-11-16 20:33:11.842 DEBUG org.springframework.beans.factory.support.DefaultListableBeanFactory - Returning cached instance of singleton bean 'autoConfigurationReport'
 2017-11-16 20:33:11.845 DEBUG org.springframework.beans.factory.support.DefaultListableBeanFactory - Returning cached instance of singleton bean 'autoConfigurationReport'
 2017-11-16 20:33:11.847 DEBUG org.springframework.beans.factory.support.DefaultListableBeanFactory - Returning cached instance of singleton bean 'autoConfigurationReport'
 2017-11-16 20:33:11.851 DEBUG org.springframework.core.env.PropertySourcesPropertyResolver - Found key 'spring.datasource.type' in [applicationConfigurationProperties] with type [String]
 2017-11-16 20:33:11.852 DEBUG org.springframework.beans.factory.support.DefaultListableBeanFactory - Returning cached instance of singleton bean 'autoConfigurationReport'
 2017-11-16 20:33:11.859 DEBUG org.springframework.core.env.PropertySourcesPropertyResolver - Found key 'spring.datasource.type' in [applicationConfigurationProperties] with type [String]
 2017-11-16 20:33:11.859 DEBUG org.springframework.beans.factory.support.DefaultListableBeanFactory - Returning cached instance of singleton bean 'autoConfigurationReport'
 2017-11-16 20:33:11.876 DEBUG org.springframework.beans.factory.support.DefaultListableBeanFactory - Returning cached instance of singleton bean 'autoConfigurationReport'
 2017-11-16 20:33:11.877 DEBUG org.springframework.beans.factory.support.DefaultListableBeanFactory - Returning cached instance of singleton bean 'autoConfigurationReport'
 2017-11-16 20:33:11.877 DEBUG org.springframework.beans.factory.support.DefaultListableBeanFactory - Returning cached instance of singleton bean 'autoConfigurationReport'
 2017-11-16 20:33:11.879 DEBUG org.springframework.beans.factory.support.DefaultListableBeanFactory - Returning cached instance of singleton bean 'autoConfigurationReport'
 2017-11-16 20:33:11.882 DEBUG org.springframework.beans.factory.support.DefaultListableBeanFactory - Returning cached instance of singleton bean 'autoConfigurationReport'
 2017-11-16 20:33:11.891 DEBUG org.springframework.beans.factory.support.DefaultListableBeanFactory - Returning cached instance of singleton bean 'autoConfigurationReport'
 2017-11-16 20:33:11.928 DEBUG org.springframework.beans.factory.support.DefaultListableBeanFactory - Returning cached instance of singleton bean 'autoConfigurationReport'
 2017-11-16 20:33:11.936 DEBUG org.springframework.beans.factory.support.DefaultListableBeanFactory - Returning cached instance of singleton bean 'autoConfigurationReport'
 2017-11-16 20:33:11.941 DEBUG org.springframework.beans.factory.support.DefaultListableBeanFactory - Returning cached instance of singleton bean 'autoConfigurationReport'
 2017-11-16 20:33:11.943 DEBUG org.springframework.beans.factory.support.DefaultListableBeanFactory - Returning cached instance of singleton bean 'autoConfigurationReport'
 2017-11-16 20:33:11.946 DEBUG org.springframework.beans.factory.support.DefaultListableBeanFactory - Returning cached instance of singleton bean 'autoConfigurationReport'
 2017-11-16 20:33:11.948 DEBUG org.springframework.beans.factory.support.DefaultListableBeanFactory - Returning cached instance of singleton bean 'autoConfigurationReport'
 2017-11-16 20:33:11.948 DEBUG org.springframework.beans.factory.support.DefaultListableBeanFactory - Returning cached instance of singleton bean 'autoConfigurationReport'
 2017-11-16 20:33:11.952 DEBUG org.springframework.beans.factory.support.DefaultListableBeanFactory - Returning cached instance of singleton bean 'autoConfigurationReport'
 2017-11-16 20:33:11.956 DEBUG org.springframework.beans.factory.support.DefaultListableBeanFactory - Returning cached instance of singleton bean 'autoConfigurationReport'
 2017-11-16 20:33:11.959 DEBUG org.springframework.beans.factory.support.DefaultListableBeanFactory - Returning cached instance of singleton bean 'autoConfigurationReport'
 2017-11-16 20:33:11.963 DEBUG org.springframework.beans.factory.support.DefaultListableBeanFactory - Returning cached instance of singleton bean 'autoConfigurationReport'
 2017-11-16 20:33:11.970 DEBUG org.springframework.beans.factory.support.DefaultListableBeanFactory - Returning cached instance of singleton bean 'autoConfigurationReport'
 2017-11-16 20:33:11.976 DEBUG org.springframework.beans.factory.support.DefaultListableBeanFactory - Returning cached instance of singleton bean 'autoConfigurationReport'
 2017-11-16 20:33:11.980 DEBUG org.springframework.beans.factory.support.DefaultListableBeanFactory - Returning cached instance of singleton bean 'autoConfigurationReport'
 2017-11-16 20:33:11.998 DEBUG org.springframework.beans.factory.support.DefaultListableBeanFactory - Returning cached instance of singleton bean 'autoConfigurationReport'
 2017-11-16 20:33:11.999 DEBUG org.springframework.beans.factory.support.DefaultListableBeanFactory - Returning cached instance of singleton bean 'autoConfigurationReport'
 2017-11-16 20:33:11.999 DEBUG org.springframework.beans.factory.support.DefaultListableBeanFactory - Returning cached instance of singleton bean 'autoConfigurationReport'
 2017-11-16 20:33:12.010 DEBUG org.springframework.beans.factory.support.DefaultListableBeanFactory - Returning cached instance of singleton bean 'autoConfigurationReport'
 2017-11-16 20:33:12.014 DEBUG org.springframework.beans.factory.support.DefaultListableBeanFactory - Returning cached instance of singleton bean 'autoConfigurationReport'
 2017-11-16 20:33:12.014 DEBUG org.springframework.beans.factory.support.DefaultListableBeanFactory - Returning cached instance of singleton bean 'autoConfigurationReport'
 2017-11-16 20:33:12.016 DEBUG org.springframework.core.env.PropertySourcesPropertyResolver - Found key 'spring.h2.console.enabled' in [applicationConfigurationProperties] with type [Boolean]
 2017-11-16 20:33:12.018 DEBUG org.springframework.beans.factory.support.DefaultListableBeanFactory - Returning cached instance of singleton bean 'autoConfigurationReport'
 2017-11-16 20:33:12.031 DEBUG org.springframework.beans.factory.support.DefaultListableBeanFactory - Returning cached instance of singleton bean 'autoConfigurationReport'
 2017-11-16 20:33:12.054 DEBUG org.springframework.beans.factory.support.DefaultListableBeanFactory - Returning cached instance of singleton bean 'autoConfigurationReport'
 2017-11-16 20:33:12.066 DEBUG org.springframework.beans.factory.support.DefaultListableBeanFactory - Returning cached instance of singleton bean 'autoConfigurationReport'
 2017-11-16 20:33:12.072 DEBUG org.springframework.beans.factory.support.DefaultListableBeanFactory - Returning cached instance of singleton bean 'autoConfigurationReport'
 2017-11-16 20:33:12.088 DEBUG org.springframework.beans.factory.support.DefaultListableBeanFactory - Returning cached instance of singleton bean 'autoConfigurationReport'
 2017-11-16 20:33:12.088 DEBUG org.springframework.beans.factory.support.DefaultListableBeanFactory - Returning cached instance of singleton bean 'autoConfigurationReport'
 2017-11-16 20:33:12.095 DEBUG org.springframework.beans.factory.support.DefaultListableBeanFactory - Returning cached instance of singleton bean 'autoConfigurationReport'
 2017-11-16 20:33:12.114 DEBUG org.springframework.beans.factory.support.DefaultListableBeanFactory - Returning cached instance of singleton bean 'autoConfigurationReport'
 2017-11-16 20:33:12.125 DEBUG org.springframework.beans.factory.support.DefaultListableBeanFactory - Returning cached instance of singleton bean 'autoConfigurationReport'
 2017-11-16 20:33:12.126 DEBUG org.springframework.beans.factory.support.DefaultListableBeanFactory - Returning cached instance of singleton bean 'autoConfigurationReport'
 2017-11-16 20:33:12.127 DEBUG org.springframework.core.env.PropertySourcesPropertyResolver - Found key 'spring.http.encoding.enabled' in [applicationConfigurationProperties] with type [Boolean]
 2017-11-16 20:33:12.127 DEBUG org.springframework.beans.factory.support.DefaultListableBeanFactory - Returning cached instance of singleton bean 'autoConfigurationReport'
 2017-11-16 20:33:12.130 DEBUG org.springframework.beans.factory.support.DefaultListableBeanFactory - Returning cached instance of singleton bean 'autoConfigurationReport'
 2017-11-16 20:33:12.131 DEBUG org.springframework.beans.factory.support.DefaultListableBeanFactory - Returning cached instance of singleton bean 'autoConfigurationReport'
 2017-11-16 20:33:12.138 DEBUG org.springframework.beans.factory.support.DefaultListableBeanFactory - Returning cached instance of singleton bean 'autoConfigurationReport'
 2017-11-16 20:33:12.146 DEBUG org.springframework.beans.factory.support.DefaultListableBeanFactory - Returning cached instance of singleton bean 'autoConfigurationReport'
 2017-11-16 20:33:12.162 DEBUG org.springframework.beans.factory.support.DefaultListableBeanFactory - Returning cached instance of singleton bean 'autoConfigurationReport'
 2017-11-16 20:33:12.163 DEBUG org.springframework.beans.factory.support.DefaultListableBeanFactory - Returning cached instance of singleton bean 'autoConfigurationReport'
 2017-11-16 20:33:12.165 DEBUG org.springframework.beans.factory.support.DefaultListableBeanFactory - Returning cached instance of singleton bean 'autoConfigurationReport'
 2017-11-16 20:33:12.166 DEBUG org.springframework.beans.factory.support.DefaultListableBeanFactory - Returning cached instance of singleton bean 'autoConfigurationReport'
 2017-11-16 20:33:12.179 DEBUG org.springframework.context.annotation.ConfigurationClassBeanDefinitionReader - Registered bean definition for imported class 'org.springframework.boot.autoconfigure.context.PropertyPlaceholderAutoConfiguration'
 2017-11-16 20:33:12.184 DEBUG org.springframework.beans.factory.support.DefaultListableBeanFactory - Creating shared instance of singleton bean 'org.springframework.boot.autoconfigure.condition.BeanTypeRegistry'
 2017-11-16 20:33:12.184 DEBUG org.springframework.beans.factory.support.DefaultListableBeanFactory - Creating instance of bean 'org.springframework.boot.autoconfigure.condition.BeanTypeRegistry'
 2017-11-16 20:33:12.197 DEBUG org.springframework.beans.factory.support.DefaultListableBeanFactory - Eagerly caching bean 'org.springframework.boot.autoconfigure.condition.BeanTypeRegistry' to allow for resolving potential circular references
 2017-11-16 20:33:12.197 DEBUG org.springframework.beans.factory.support.DefaultListableBeanFactory - Finished creating instance of bean 'org.springframework.boot.autoconfigure.condition.BeanTypeRegistry'
 2017-11-16 20:33:12.202 DEBUG org.springframework.beans.factory.support.DefaultListableBeanFactory - Returning cached instance of singleton bean 'autoConfigurationReport'
 2017-11-16 20:33:12.207 DEBUG org.springframework.context.annotation.ConfigurationClassBeanDefinitionReader - Registering bean definition for @Bean method org.springframework.boot.autoconfigure.context.PropertyPlaceholderAutoConfiguration.propertySourcesPlaceholderConfigurer()
 2017-11-16 20:33:12.207 DEBUG org.springframework.beans.factory.support.DefaultListableBeanFactory - Returning cached instance of singleton bean 'autoConfigurationReport'
 2017-11-16 20:33:12.207 DEBUG org.springframework.beans.factory.support.DefaultListableBeanFactory - Returning cached instance of singleton bean 'autoConfigurationReport'
 2017-11-16 20:33:12.208 DEBUG org.springframework.context.annotation.ConfigurationClassBeanDefinitionReader - Registered bean definition for imported class 'org.springframework.boot.autoconfigure.jackson.JacksonAutoConfiguration$Jackson2ObjectMapperBuilderCustomizerConfiguration'
 2017-11-16 20:33:12.208 DEBUG org.springframework.context.annotation.ConfigurationClassBeanDefinitionReader - Registering bean definition for @Bean method org.springframework.boot.autoconfigure.jackson.JacksonAutoConfiguration$Jackson2ObjectMapperBuilderCustomizerConfiguration.standardJacksonObjectMapperBuilderCustomizer()
 2017-11-16 20:33:12.219 DEBUG org.springframework.beans.factory.support.DefaultListableBeanFactory - Returning cached instance of singleton bean 'autoConfigurationReport'
 2017-11-16 20:33:12.220 DEBUG org.springframework.context.annotation.ConfigurationClassBeanDefinitionReader - Registered bean definition for imported class 'org.springframework.boot.autoconfigure.jackson.JacksonAutoConfiguration$JacksonObjectMapperBuilderConfiguration'
 2017-11-16 20:33:12.220 DEBUG org.springframework.beans.factory.support.DefaultListableBeanFactory - Returning cached instance of singleton bean 'org.springframework.boot.autoconfigure.condition.BeanTypeRegistry'
 2017-11-16 20:33:12.224 DEBUG org.springframework.beans.factory.support.DefaultListableBeanFactory - Returning cached instance of singleton bean 'autoConfigurationReport'
 2017-11-16 20:33:12.225 DEBUG org.springframework.context.annotation.ConfigurationClassBeanDefinitionReader - Registering bean definition for @Bean method org.springframework.boot.autoconfigure.jackson.JacksonAutoConfiguration$JacksonObjectMapperBuilderConfiguration.jacksonObjectMapperBuilder()
 2017-11-16 20:33:12.226 DEBUG org.springframework.beans.factory.support.DefaultListableBeanFactory - Returning cached instance of singleton bean 'autoConfigurationReport'
 2017-11-16 20:33:12.226 DEBUG org.springframework.context.annotation.ConfigurationClassBeanDefinitionReader - Registered bean definition for imported class 'org.springframework.boot.autoconfigure.jackson.JacksonAutoConfiguration$JacksonObjectMapperConfiguration'
 2017-11-16 20:33:12.227 DEBUG org.springframework.beans.factory.support.DefaultListableBeanFactory - Returning cached instance of singleton bean 'org.springframework.boot.autoconfigure.condition.BeanTypeRegistry'
 2017-11-16 20:33:12.228 DEBUG org.springframework.beans.factory.support.DefaultListableBeanFactory - Returning cached instance of singleton bean 'autoConfigurationReport'
 2017-11-16 20:33:12.229 DEBUG org.springframework.context.annotation.ConfigurationClassBeanDefinitionReader - Registering bean definition for @Bean method org.springframework.boot.autoconfigure.jackson.JacksonAutoConfiguration$JacksonObjectMapperConfiguration.jacksonObjectMapper()
 2017-11-16 20:33:12.229 DEBUG org.springframework.context.annotation.ConfigurationClassBeanDefinitionReader - Registered bean definition for imported class 'org.springframework.boot.autoconfigure.jackson.JacksonAutoConfiguration'
 2017-11-16 20:33:12.229 DEBUG org.springframework.context.annotation.ConfigurationClassBeanDefinitionReader - Registering bean definition for @Bean method org.springframework.boot.autoconfigure.jackson.JacksonAutoConfiguration.jsonComponentModule()
 2017-11-16 20:33:12.230 DEBUG org.springframework.beans.factory.support.DefaultListableBeanFactory - Returning cached instance of singleton bean 'autoConfigurationReport'
 2017-11-16 20:33:12.230 DEBUG org.springframework.beans.factory.support.DefaultListableBeanFactory - Returning cached instance of singleton bean 'autoConfigurationReport'
 2017-11-16 20:33:12.230 DEBUG org.springframework.beans.factory.support.DefaultListableBeanFactory - Returning cached instance of singleton bean 'autoConfigurationReport'
 2017-11-16 20:33:12.231 DEBUG org.springframework.context.annotation.ConfigurationClassBeanDefinitionReader - Registered bean definition for imported class 'org.springframework.boot.autoconfigure.websocket.WebSocketAutoConfiguration$TomcatWebSocketConfiguration'
 2017-11-16 20:33:12.233 DEBUG org.springframework.beans.factory.support.DefaultListableBeanFactory - Returning cached instance of singleton bean 'autoConfigurationReport'
 2017-11-16 20:33:12.234 DEBUG org.springframework.beans.factory.support.DefaultListableBeanFactory - Returning cached instance of singleton bean 'autoConfigurationReport'
 2017-11-16 20:33:12.234 DEBUG org.springframework.context.annotation.ConfigurationClassBeanDefinitionReader - Registering bean definition for @Bean method org.springframework.boot.autoconfigure.websocket.WebSocketAutoConfiguration$TomcatWebSocketConfiguration.websocketContainerCustomizer()
 2017-11-16 20:33:12.235 DEBUG org.springframework.context.annotation.ConfigurationClassBeanDefinitionReader - Registered bean definition for imported class 'org.springframework.boot.autoconfigure.websocket.WebSocketAutoConfiguration'
 2017-11-16 20:33:12.235 DEBUG org.springframework.beans.factory.support.DefaultListableBeanFactory - Returning cached instance of singleton bean 'autoConfigurationReport'
 2017-11-16 20:33:12.236 DEBUG org.springframework.beans.factory.support.DefaultListableBeanFactory - Returning cached instance of singleton bean 'autoConfigurationReport'
 2017-11-16 20:33:12.236 DEBUG org.springframework.beans.factory.support.DefaultListableBeanFactory - Returning cached instance of singleton bean 'org.springframework.boot.autoconfigure.condition.BeanTypeRegistry'
 2017-11-16 20:33:12.244 DEBUG org.springframework.beans.factory.support.DefaultListableBeanFactory - Returning cached instance of singleton bean 'autoConfigurationReport'
 2017-11-16 20:33:12.244 DEBUG org.springframework.context.annotation.ConfigurationClassBeanDefinitionReader - Registered bean definition for imported class 'org.springframework.boot.autoconfigure.web.EmbeddedServletContainerAutoConfiguration$EmbeddedTomcat'
 2017-11-16 20:33:12.245 DEBUG org.springframework.context.annotation.ConfigurationClassBeanDefinitionReader - Registering bean definition for @Bean method org.springframework.boot.autoconfigure.web.EmbeddedServletContainerAutoConfiguration$EmbeddedTomcat.tomcatEmbeddedServletContainerFactory()
 2017-11-16 20:33:12.246 DEBUG org.springframework.context.annotation.ConfigurationClassBeanDefinitionReader - Registered bean definition for imported class 'org.springframework.boot.autoconfigure.web.EmbeddedServletContainerAutoConfiguration'
 2017-11-16 20:33:12.256 DEBUG org.springframework.beans.factory.support.DefaultListableBeanFactory - Returning cached instance of singleton bean 'autoConfigurationReport'
 2017-11-16 20:33:12.257 DEBUG org.springframework.beans.factory.support.DefaultListableBeanFactory - Returning cached instance of singleton bean 'autoConfigurationReport'
 2017-11-16 20:33:12.257 DEBUG org.springframework.beans.factory.support.DefaultListableBeanFactory - Returning cached instance of singleton bean 'autoConfigurationReport'
 2017-11-16 20:33:12.258 DEBUG org.springframework.beans.factory.support.DefaultListableBeanFactory - Returning cached instance of singleton bean 'autoConfigurationReport'
 2017-11-16 20:33:12.258 DEBUG org.springframework.beans.factory.support.DefaultListableBeanFactory - Returning cached instance of singleton bean 'autoConfigurationReport'
 2017-11-16 20:33:12.258 DEBUG org.springframework.beans.factory.support.DefaultListableBeanFactory - Returning cached instance of singleton bean 'autoConfigurationReport'
 2017-11-16 20:33:12.259 DEBUG org.springframework.context.annotation.ConfigurationClassBeanDefinitionReader - Registered bean definition for imported class 'org.springframework.boot.autoconfigure.web.DispatcherServletAutoConfiguration$DispatcherServletConfiguration'
 2017-11-16 20:33:12.260 DEBUG org.springframework.context.annotation.ConfigurationClassBeanDefinitionReader - Registering bean definition for @Bean method org.springframework.boot.autoconfigure.web.DispatcherServletAutoConfiguration$DispatcherServletConfiguration.dispatcherServlet()
 2017-11-16 20:33:12.261 DEBUG org.springframework.beans.factory.support.DefaultListableBeanFactory - Returning cached instance of singleton bean 'org.springframework.boot.autoconfigure.condition.BeanTypeRegistry'
 2017-11-16 20:33:12.266 DEBUG org.springframework.beans.factory.support.DefaultListableBeanFactory - Returning cached instance of singleton bean 'autoConfigurationReport'
 2017-11-16 20:33:12.268 DEBUG org.springframework.context.annotation.ConfigurationClassBeanDefinitionReader - Registered bean definition for imported class 'org.springframework.boot.autoconfigure.web.DispatcherServletAutoConfiguration$DispatcherServletRegistrationConfiguration'
 2017-11-16 20:33:12.271 DEBUG org.springframework.beans.factory.support.DefaultListableBeanFactory - Returning cached instance of singleton bean 'org.springframework.boot.autoconfigure.condition.BeanTypeRegistry'
 2017-11-16 20:33:12.273 DEBUG org.springframework.beans.factory.support.DefaultListableBeanFactory - Returning cached instance of singleton bean 'autoConfigurationReport'
 2017-11-16 20:33:12.274 DEBUG org.springframework.context.annotation.ConfigurationClassBeanDefinitionReader - Registering bean definition for @Bean method org.springframework.boot.autoconfigure.web.DispatcherServletAutoConfiguration$DispatcherServletRegistrationConfiguration.dispatcherServletRegistration()
 2017-11-16 20:33:12.274 DEBUG org.springframework.context.annotation.ConfigurationClassBeanDefinitionReader - Registered bean definition for imported class 'org.springframework.boot.autoconfigure.web.DispatcherServletAutoConfiguration'
 2017-11-16 20:33:12.274 DEBUG org.springframework.beans.factory.support.DefaultListableBeanFactory - Returning cached instance of singleton bean 'autoConfigurationReport'
 2017-11-16 20:33:12.276 DEBUG org.springframework.beans.factory.support.DefaultListableBeanFactory - Returning cached instance of singleton bean 'autoConfigurationReport'
 2017-11-16 20:33:12.276 DEBUG org.springframework.context.annotation.ConfigurationClassBeanDefinitionReader - Registered bean definition for imported class 'org.springframework.boot.autoconfigure.validation.DefaultValidatorConfiguration'
[...]
 2017-11-16 20:33:19.540 DEBUG org.springframework.web.servlet.resource.ResourceUrlProvider - Found resource handler mapping: URL pattern="/**/favicon.ico", locations=[ServletContext resource [/], class path resource [META-INF/resources/], class path resource [resources/], class path resource [static/], class path resource [public/], class path resource []], resolvers=[org.springframework.web.servlet.resource.PathResourceResolver@1e7ab390]
 2017-11-16 20:33:19.540 DEBUG org.springframework.web.servlet.resource.ResourceUrlProvider - Found resource handler mapping: URL pattern="/webjars/**", locations=[class path resource [META-INF/resources/webjars/]], resolvers=[org.springframework.web.servlet.resource.PathResourceResolver@625d9132]
 2017-11-16 20:33:19.540 DEBUG org.springframework.web.servlet.resource.ResourceUrlProvider - Found resource handler mapping: URL pattern="/**", locations=[ServletContext resource [/], class path resource [META-INF/resources/], class path resource [resources/], class path resource [static/], class path resource [public/]], resolvers=[org.springframework.web.servlet.resource.PathResourceResolver@77774571]
 2017-11-16 20:33:19.541 DEBUG org.springframework.core.env.PropertySourcesPropertyResolver - Could not find key 'spring.liveBeansView.mbeanDomain' in any property source
 2017-11-16 20:33:19.548 DEBUG org.springframework.boot.devtools.restart.Restarter - Creating new Restarter for thread Thread[main,5,main]
 2017-11-16 20:33:19.552 INFO  test.boot.MockTest - Started MockTest in 9.337 seconds (JVM running for 10.687)
 2017-11-16 20:33:19.553 DEBUG org.springframework.test.context.cache.DefaultCacheAwareContextLoaderDelegate - Storing ApplicationContext in cache under key [[WebMergedContextConfiguration@44c03695 testClass = MockTest, locations = '{}', classes = '{class test.boot.Example}', contextInitializerClasses = '[]', activeProfiles = '{}', propertySourceLocations = '{}', propertySourceProperties = '{org.springframework.boot.test.context.SpringBootTestContextBootstrapper=true}', contextCustomizers = set[org.springframework.boot.test.context.SpringBootTestContextCustomizer@40e6dfe1, org.springframework.boot.test.context.filter.ExcludeFilterContextCustomizer@3ec300f1, org.springframework.boot.test.mock.mockito.MockitoContextCustomizer@4eef9f3e, org.springframework.boot.test.autoconfigure.properties.PropertyMappingContextCustomizer@0, org.springframework.boot.test.autoconfigure.web.servlet.WebDriverContextCustomizerFactory$Customizer@13acb0d1], resourceBasePath = 'src/main/webapp', contextLoader = 'org.springframework.boot.test.context.SpringBootContextLoader', parent = [null]]]
 2017-11-16 20:33:19.553 DEBUG org.springframework.test.context.cache - Spring test ApplicationContext cache statistics: [DefaultContextCache@79b84841 size = 1, maxSize = 32, parentContextCount = 0, hitCount = 0, missCount = 1]
 2017-11-16 20:33:19.554 DEBUG org.springframework.test.context.web.ServletTestExecutionListener - Setting up MockHttpServletRequest, MockHttpServletResponse, ServletWebRequest, and RequestContextHolder for test context [DefaultTestContext@6150c3ec testClass = MockTest, testInstance = test.boot.MockTest@4d41ba0f, testMethod = [null], testException = [null], mergedContextConfiguration = [WebMergedContextConfiguration@44c03695 testClass = MockTest, locations = '{}', classes = '{class test.boot.Example}', contextInitializerClasses = '[]', activeProfiles = '{}', propertySourceLocations = '{}', propertySourceProperties = '{org.springframework.boot.test.context.SpringBootTestContextBootstrapper=true}', contextCustomizers = set[org.springframework.boot.test.context.SpringBootTestContextCustomizer@40e6dfe1, org.springframework.boot.test.context.filter.ExcludeFilterContextCustomizer@3ec300f1, org.springframework.boot.test.mock.mockito.MockitoContextCustomizer@4eef9f3e, org.springframework.boot.test.autoconfigure.properties.PropertyMappingContextCustomizer@0, org.springframework.boot.test.autoconfigure.web.servlet.WebDriverContextCustomizerFactory$Customizer@13acb0d1], resourceBasePath = 'src/main/webapp', contextLoader = 'org.springframework.boot.test.context.SpringBootContextLoader', parent = [null]]].
 2017-11-16 20:33:19.597 DEBUG org.springframework.test.context.support.DependencyInjectionTestExecutionListener - Performing dependency injection for test context [[DefaultTestContext@6150c3ec testClass = MockTest, testInstance = test.boot.MockTest@4d41ba0f, testMethod = [null], testException = [null], mergedContextConfiguration = [WebMergedContextConfiguration@44c03695 testClass = MockTest, locations = '{}', classes = '{class test.boot.Example}', contextInitializerClasses = '[]', activeProfiles = '{}', propertySourceLocations = '{}', propertySourceProperties = '{org.springframework.boot.test.context.SpringBootTestContextBootstrapper=true}', contextCustomizers = set[org.springframework.boot.test.context.SpringBootTestContextCustomizer@40e6dfe1, org.springframework.boot.test.context.filter.ExcludeFilterContextCustomizer@3ec300f1, org.springframework.boot.test.mock.mockito.MockitoContextCustomizer@4eef9f3e, org.springframework.boot.test.autoconfigure.properties.PropertyMappingContextCustomizer@0, org.springframework.boot.test.autoconfigure.web.servlet.WebDriverContextCustomizerFactory$Customizer@13acb0d1], resourceBasePath = 'src/main/webapp', contextLoader = 'org.springframework.boot.test.context.SpringBootContextLoader', parent = [null]]]].
 2017-11-16 20:33:19.597 DEBUG org.springframework.test.context.cache.DefaultCacheAwareContextLoaderDelegate - Retrieved ApplicationContext from cache with key [[WebMergedContextConfiguration@44c03695 testClass = MockTest, locations = '{}', classes = '{class test.boot.Example}', contextInitializerClasses = '[]', activeProfiles = '{}', propertySourceLocations = '{}', propertySourceProperties = '{org.springframework.boot.test.context.SpringBootTestContextBootstrapper=true}', contextCustomizers = set[org.springframework.boot.test.context.SpringBootTestContextCustomizer@40e6dfe1, org.springframework.boot.test.context.filter.ExcludeFilterContextCustomizer@3ec300f1, org.springframework.boot.test.mock.mockito.MockitoContextCustomizer@4eef9f3e, org.springframework.boot.test.autoconfigure.properties.PropertyMappingContextCustomizer@0, org.springframework.boot.test.autoconfigure.web.servlet.WebDriverContextCustomizerFactory$Customizer@13acb0d1], resourceBasePath = 'src/main/webapp', contextLoader = 'org.springframework.boot.test.context.SpringBootContextLoader', parent = [null]]]
 2017-11-16 20:33:19.597 DEBUG org.springframework.test.context.cache - Spring test ApplicationContext cache statistics: [DefaultContextCache@79b84841 size = 1, maxSize = 32, parentContextCount = 0, hitCount = 1, missCount = 1]
 2017-11-16 20:33:19.599 DEBUG org.springframework.beans.factory.support.DefaultListableBeanFactory - Returning cached instance of singleton bean 'org.springframework.transaction.config.internalTransactionAdvisor'
 2017-11-16 20:33:19.601 DEBUG org.springframework.test.context.cache.DefaultCacheAwareContextLoaderDelegate - Retrieved ApplicationContext from cache with key [[WebMergedContextConfiguration@44c03695 testClass = MockTest, locations = '{}', classes = '{class test.boot.Example}', contextInitializerClasses = '[]', activeProfiles = '{}', propertySourceLocations = '{}', propertySourceProperties = '{org.springframework.boot.test.context.SpringBootTestContextBootstrapper=true}', contextCustomizers = set[org.springframework.boot.test.context.SpringBootTestContextCustomizer@40e6dfe1, org.springframework.boot.test.context.filter.ExcludeFilterContextCustomizer@3ec300f1, org.springframework.boot.test.mock.mockito.MockitoContextCustomizer@4eef9f3e, org.springframework.boot.test.autoconfigure.properties.PropertyMappingContextCustomizer@0, org.springframework.boot.test.autoconfigure.web.servlet.WebDriverContextCustomizerFactory$Customizer@13acb0d1], resourceBasePath = 'src/main/webapp', contextLoader = 'org.springframework.boot.test.context.SpringBootContextLoader', parent = [null]]]
 2017-11-16 20:33:19.601 DEBUG org.springframework.test.context.cache - Spring test ApplicationContext cache statistics: [DefaultContextCache@79b84841 size = 1, maxSize = 32, parentContextCount = 0, hitCount = 2, missCount = 1]
 2017-11-16 20:33:19.603 DEBUG org.springframework.beans.factory.support.DefaultListableBeanFactory - Returning cached instance of singleton bean 'org.springframework.boot.test.mock.mockito.MockitoPostProcessor'
 2017-11-16 20:33:19.603 DEBUG org.springframework.beans.factory.support.DefaultListableBeanFactory - Returning cached instance of singleton bean 'forTestServiceImpl'
 2017-11-16 20:33:19.615 DEBUG org.springframework.test.context.support.AbstractDirtiesContextTestExecutionListener - Before test method: context [DefaultTestContext@6150c3ec testClass = MockTest, testInstance = test.boot.MockTest@4d41ba0f, testMethod = f1Test@MockTest, testException = [null], mergedContextConfiguration = [WebMergedContextConfiguration@44c03695 testClass = MockTest, locations = '{}', classes = '{class test.boot.Example}', contextInitializerClasses = '[]', activeProfiles = '{}', propertySourceLocations = '{}', propertySourceProperties = '{org.springframework.boot.test.context.SpringBootTestContextBootstrapper=true}', contextCustomizers = set[org.springframework.boot.test.context.SpringBootTestContextCustomizer@40e6dfe1, org.springframework.boot.test.context.filter.ExcludeFilterContextCustomizer@3ec300f1, org.springframework.boot.test.mock.mockito.MockitoContextCustomizer@4eef9f3e, org.springframework.boot.test.autoconfigure.properties.PropertyMappingContextCustomizer@0, org.springframework.boot.test.autoconfigure.web.servlet.WebDriverContextCustomizerFactory$Customizer@13acb0d1], resourceBasePath = 'src/main/webapp', contextLoader = 'org.springframework.boot.test.context.SpringBootContextLoader', parent = [null]]], class annotated with @DirtiesContext [false] with mode [null], method annotated with @DirtiesContext [false] with mode [null].
 2017-11-16 20:33:19.618 DEBUG org.springframework.test.context.cache.DefaultCacheAwareContextLoaderDelegate - Retrieved ApplicationContext from cache with key [[WebMergedContextConfiguration@44c03695 testClass = MockTest, locations = '{}', classes = '{class test.boot.Example}', contextInitializerClasses = '[]', activeProfiles = '{}', propertySourceLocations = '{}', propertySourceProperties = '{org.springframework.boot.test.context.SpringBootTestContextBootstrapper=true}', contextCustomizers = set[org.springframework.boot.test.context.SpringBootTestContextCustomizer@40e6dfe1, org.springframework.boot.test.context.filter.ExcludeFilterContextCustomizer@3ec300f1, org.springframework.boot.test.mock.mockito.MockitoContextCustomizer@4eef9f3e, org.springframework.boot.test.autoconfigure.properties.PropertyMappingContextCustomizer@0, org.springframework.boot.test.autoconfigure.web.servlet.WebDriverContextCustomizerFactory$Customizer@13acb0d1], resourceBasePath = 'src/main/webapp', contextLoader = 'org.springframework.boot.test.context.SpringBootContextLoader', parent = [null]]]
 2017-11-16 20:33:19.618 DEBUG org.springframework.test.context.cache - Spring test ApplicationContext cache statistics: [DefaultContextCache@79b84841 size = 1, maxSize = 32, parentContextCount = 0, hitCount = 3, missCount = 1]
 2017-11-16 20:33:19.628 DEBUG org.springframework.beans.factory.support.DefaultListableBeanFactory - Returning cached instance of singleton bean 'org.springframework.boot.test.mock.mockito.MockitoBeans'
 2017-11-16 20:33:19.881 DEBUG org.springframework.test.context.cache.DefaultCacheAwareContextLoaderDelegate - Retrieved ApplicationContext from cache with key [[WebMergedContextConfiguration@44c03695 testClass = MockTest, locations = '{}', classes = '{class test.boot.Example}', contextInitializerClasses = '[]', activeProfiles = '{}', propertySourceLocations = '{}', propertySourceProperties = '{org.springframework.boot.test.context.SpringBootTestContextBootstrapper=true}', contextCustomizers = set[org.springframework.boot.test.context.SpringBootTestContextCustomizer@40e6dfe1, org.springframework.boot.test.context.filter.ExcludeFilterContextCustomizer@3ec300f1, org.springframework.boot.test.mock.mockito.MockitoContextCustomizer@4eef9f3e, org.springframework.boot.test.autoconfigure.properties.PropertyMappingContextCustomizer@0, org.springframework.boot.test.autoconfigure.web.servlet.WebDriverContextCustomizerFactory$Customizer@13acb0d1], resourceBasePath = 'src/main/webapp', contextLoader = 'org.springframework.boot.test.context.SpringBootContextLoader', parent = [null]]]
 2017-11-16 20:33:19.881 DEBUG org.springframework.test.context.cache - Spring test ApplicationContext cache statistics: [DefaultContextCache@79b84841 size = 1, maxSize = 32, parentContextCount = 0, hitCount = 4, missCount = 1]
 2017-11-16 20:33:19.883 DEBUG org.springframework.test.context.cache.DefaultCacheAwareContextLoaderDelegate - Retrieved ApplicationContext from cache with key [[WebMergedContextConfiguration@44c03695 testClass = MockTest, locations = '{}', classes = '{class test.boot.Example}', contextInitializerClasses = '[]', activeProfiles = '{}', propertySourceLocations = '{}', propertySourceProperties = '{org.springframework.boot.test.context.SpringBootTestContextBootstrapper=true}', contextCustomizers = set[org.springframework.boot.test.context.SpringBootTestContextCustomizer@40e6dfe1, org.springframework.boot.test.context.filter.ExcludeFilterContextCustomizer@3ec300f1, org.springframework.boot.test.mock.mockito.MockitoContextCustomizer@4eef9f3e, org.springframework.boot.test.autoconfigure.properties.PropertyMappingContextCustomizer@0, org.springframework.boot.test.autoconfigure.web.servlet.WebDriverContextCustomizerFactory$Customizer@13acb0d1], resourceBasePath = 'src/main/webapp', contextLoader = 'org.springframework.boot.test.context.SpringBootContextLoader', parent = [null]]]
 2017-11-16 20:33:19.883 DEBUG org.springframework.test.context.cache - Spring test ApplicationContext cache statistics: [DefaultContextCache@79b84841 size = 1, maxSize = 32, parentContextCount = 0, hitCount = 5, missCount = 1]
 2017-11-16 20:33:19.886 DEBUG org.springframework.test.context.cache.DefaultCacheAwareContextLoaderDelegate - Retrieved ApplicationContext from cache with key [[WebMergedContextConfiguration@44c03695 testClass = MockTest, locations = '{}', classes = '{class test.boot.Example}', contextInitializerClasses = '[]', activeProfiles = '{}', propertySourceLocations = '{}', propertySourceProperties = '{org.springframework.boot.test.context.SpringBootTestContextBootstrapper=true}', contextCustomizers = set[org.springframework.boot.test.context.SpringBootTestContextCustomizer@40e6dfe1, org.springframework.boot.test.context.filter.ExcludeFilterContextCustomizer@3ec300f1, org.springframework.boot.test.mock.mockito.MockitoContextCustomizer@4eef9f3e, org.springframework.boot.test.autoconfigure.properties.PropertyMappingContextCustomizer@0, org.springframework.boot.test.autoconfigure.web.servlet.WebDriverContextCustomizerFactory$Customizer@13acb0d1], resourceBasePath = 'src/main/webapp', contextLoader = 'org.springframework.boot.test.context.SpringBootContextLoader', parent = [null]]]
 2017-11-16 20:33:19.887 DEBUG org.springframework.test.context.cache - Spring test ApplicationContext cache statistics: [DefaultContextCache@79b84841 size = 1, maxSize = 32, parentContextCount = 0, hitCount = 6, missCount = 1]
 2017-11-16 20:33:19.887 DEBUG org.springframework.test.context.cache.DefaultCacheAwareContextLoaderDelegate - Retrieved ApplicationContext from cache with key [[WebMergedContextConfiguration@44c03695 testClass = MockTest, locations = '{}', classes = '{class test.boot.Example}', contextInitializerClasses = '[]', activeProfiles = '{}', propertySourceLocations = '{}', propertySourceProperties = '{org.springframework.boot.test.context.SpringBootTestContextBootstrapper=true}', contextCustomizers = set[org.springframework.boot.test.context.SpringBootTestContextCustomizer@40e6dfe1, org.springframework.boot.test.context.filter.ExcludeFilterContextCustomizer@3ec300f1, org.springframework.boot.test.mock.mockito.MockitoContextCustomizer@4eef9f3e, org.springframework.boot.test.autoconfigure.properties.PropertyMappingContextCustomizer@0, org.springframework.boot.test.autoconfigure.web.servlet.WebDriverContextCustomizerFactory$Customizer@13acb0d1], resourceBasePath = 'src/main/webapp', contextLoader = 'org.springframework.boot.test.context.SpringBootContextLoader', parent = [null]]]
 2017-11-16 20:33:19.887 DEBUG org.springframework.test.context.cache - Spring test ApplicationContext cache statistics: [DefaultContextCache@79b84841 size = 1, maxSize = 32, parentContextCount = 0, hitCount = 7, missCount = 1]
 2017-11-16 20:33:19.888 DEBUG org.springframework.beans.factory.support.DefaultListableBeanFactory - Returning cached instance of singleton bean 'org.springframework.boot.test.mock.mockito.MockitoBeans'
 2017-11-16 20:33:19.893 DEBUG org.springframework.test.context.support.AbstractDirtiesContextTestExecutionListener - After test method: context [DefaultTestContext@6150c3ec testClass = MockTest, testInstance = test.boot.MockTest@4d41ba0f, testMethod = f1Test@MockTest, testException = org.junit.ComparisonFailure: expected:<"f[2]"> but was:<"f[1]">, mergedContextConfiguration = [WebMergedContextConfiguration@44c03695 testClass = MockTest, locations = '{}', classes = '{class test.boot.Example}', contextInitializerClasses = '[]', activeProfiles = '{}', propertySourceLocations = '{}', propertySourceProperties = '{org.springframework.boot.test.context.SpringBootTestContextBootstrapper=true}', contextCustomizers = set[org.springframework.boot.test.context.SpringBootTestContextCustomizer@40e6dfe1, org.springframework.boot.test.context.filter.ExcludeFilterContextCustomizer@3ec300f1, org.springframework.boot.test.mock.mockito.MockitoContextCustomizer@4eef9f3e, org.springframework.boot.test.autoconfigure.properties.PropertyMappingContextCustomizer@0, org.springframework.boot.test.autoconfigure.web.servlet.WebDriverContextCustomizerFactory$Customizer@13acb0d1], resourceBasePath = 'src/main/webapp', contextLoader = 'org.springframework.boot.test.context.SpringBootContextLoader', parent = [null]]], class annotated with @DirtiesContext [false] with mode [null], method annotated with @DirtiesContext [false] with mode [null].
 2017-11-16 20:33:19.894 DEBUG org.springframework.test.context.web.ServletTestExecutionListener - Resetting RequestContextHolder for test context [DefaultTestContext@6150c3ec testClass = MockTest, testInstance = test.boot.MockTest@4d41ba0f, testMethod = f1Test@MockTest, testException = org.junit.ComparisonFailure: expected:<"f[2]"> but was:<"f[1]">, mergedContextConfiguration = [WebMergedContextConfiguration@44c03695 testClass = MockTest, locations = '{}', classes = '{class test.boot.Example}', contextInitializerClasses = '[]', activeProfiles = '{}', propertySourceLocations = '{}', propertySourceProperties = '{org.springframework.boot.test.context.SpringBootTestContextBootstrapper=true}', contextCustomizers = set[org.springframework.boot.test.context.SpringBootTestContextCustomizer@40e6dfe1, org.springframework.boot.test.context.filter.ExcludeFilterContextCustomizer@3ec300f1, org.springframework.boot.test.mock.mockito.MockitoContextCustomizer@4eef9f3e, org.springframework.boot.test.autoconfigure.properties.PropertyMappingContextCustomizer@0, org.springframework.boot.test.autoconfigure.web.servlet.WebDriverContextCustomizerFactory$Customizer@13acb0d1], resourceBasePath = 'src/main/webapp', contextLoader = 'org.springframework.boot.test.context.SpringBootContextLoader', parent = [null]]].
]]></system-out>
  </testcase>
</testsuite>