-------------------------------------------------------------------------------
Test set: test.boot.MockTest
-------------------------------------------------------------------------------
Tests run: 1, Failures: 1, Errors: 0, Skipped: 0, Time elapsed: 9.864 sec <<< FAILURE! - in test.boot.MockTest
f1Test(test.boot.MockTest)  Time elapsed: 0.289 sec  <<< FAILURE!
org.junit.ComparisonFailure: expected:<"f[2]"> but was:<"f[1]">
	at sun.reflect.NativeConstructorAccessorImpl.newInstance0(Native Method)
	at sun.reflect.NativeConstructorAccessorImpl.newInstance(NativeConstructorAccessorImpl.java:62)
	at sun.reflect.DelegatingConstructorAccessorImpl.newInstance(DelegatingConstructorAccessorImpl.java:45)
	at test.boot.MockTest.f1Test(MockTest.java:24)

